mode: set
sigs.k8s.io/azuredisk-csi-driver/pkg/azurediskplugin/main.go:36.13,38.55 2 1
sigs.k8s.io/azuredisk-csi-driver/pkg/azurediskplugin/main.go:38.55,40.3 1 1
sigs.k8s.io/azuredisk-csi-driver/pkg/azurediskplugin/main.go:51.27,53.2 1 0
sigs.k8s.io/azuredisk-csi-driver/pkg/azurediskplugin/main.go:55.13,57.14 2 1
sigs.k8s.io/azuredisk-csi-driver/pkg/azurediskplugin/main.go:57.14,59.17 2 1
sigs.k8s.io/azuredisk-csi-driver/pkg/azurediskplugin/main.go:59.17,61.4 1 0
sigs.k8s.io/azuredisk-csi-driver/pkg/azurediskplugin/main.go:62.3,62.20 1 1
sigs.k8s.io/azuredisk-csi-driver/pkg/azurediskplugin/main.go:63.8,63.25 1 0
sigs.k8s.io/azuredisk-csi-driver/pkg/azurediskplugin/main.go:63.25,65.3 1 0
sigs.k8s.io/azuredisk-csi-driver/pkg/azurediskplugin/main.go:65.8,68.3 2 0
sigs.k8s.io/azuredisk-csi-driver/pkg/azurediskplugin/main.go:69.2,69.9 1 1
sigs.k8s.io/azuredisk-csi-driver/pkg/azurediskplugin/main.go:72.43,74.16 2 0
sigs.k8s.io/azuredisk-csi-driver/pkg/azurediskplugin/main.go:74.16,76.3 1 0
sigs.k8s.io/azuredisk-csi-driver/pkg/azurediskplugin/main.go:76.8,77.51 1 0
sigs.k8s.io/azuredisk-csi-driver/pkg/azurediskplugin/main.go:77.51,80.4 2 0
sigs.k8s.io/azuredisk-csi-driver/pkg/azurediskplugin/main.go:82.2,82.45 1 0
sigs.k8s.io/azuredisk-csi-driver/pkg/azurediskplugin/main.go:85.15,90.19 4 0
sigs.k8s.io/azuredisk-csi-driver/pkg/azurediskplugin/main.go:90.19,92.3 1 0
sigs.k8s.io/azuredisk-csi-driver/pkg/azurediskplugin/main.go:93.2,93.57 1 0
sigs.k8s.io/azuredisk-csi-driver/pkg/azurediskplugin/main.go:93.57,95.3 1 0
sigs.k8s.io/azuredisk-csi-driver/pkg/azurediskplugin/main.go:98.22,99.27 1 0
sigs.k8s.io/azuredisk-csi-driver/pkg/azurediskplugin/main.go:99.27,101.3 1 0
sigs.k8s.io/azuredisk-csi-driver/pkg/azurediskplugin/main.go:102.2,103.16 2 0
sigs.k8s.io/azuredisk-csi-driver/pkg/azurediskplugin/main.go:103.16,106.3 2 0
sigs.k8s.io/azuredisk-csi-driver/pkg/azurediskplugin/main.go:107.2,107.46 1 0
sigs.k8s.io/azuredisk-csi-driver/pkg/azurediskplugin/main.go:110.83,113.12 3 0
sigs.k8s.io/azuredisk-csi-driver/pkg/azurediskplugin/main.go:113.12,115.38 2 0
sigs.k8s.io/azuredisk-csi-driver/pkg/azurediskplugin/main.go:115.38,117.4 1 0
sigs.k8s.io/azuredisk-csi-driver/pkg/azurediskplugin/main.go:121.41,125.2 3 0
sigs.k8s.io/azuredisk-csi-driver/pkg/azurediskplugin/main.go:127.41,128.16 1 1
sigs.k8s.io/azuredisk-csi-driver/pkg/azurediskplugin/main.go:128.16,130.3 1 1
sigs.k8s.io/azuredisk-csi-driver/pkg/azurediskplugin/main.go:131.2,131.71 1 1
sigs.k8s.io/azuredisk-csi-driver/pkg/azurediskplugin/main.go:131.71,133.3 1 1
sigs.k8s.io/azuredisk-csi-driver/pkg/azurediskplugin/main.go:134.2,134.12 1 1
