mode: set
sigs.k8s.io/azuredisk-csi-driver/pkg/azuredisk/mockcorev1/interface.go:39.63,43.2 3 0
sigs.k8s.io/azuredisk-csi-driver/pkg/azuredisk/mockcorev1/interface.go:46.61,48.2 1 0
sigs.k8s.io/azuredisk-csi-driver/pkg/azuredisk/mockcorev1/interface.go:51.53,56.2 4 0
sigs.k8s.io/azuredisk-csi-driver/pkg/azuredisk/mockcorev1/interface.go:59.64,62.2 2 0
sigs.k8s.io/azuredisk-csi-driver/pkg/azuredisk/mockcorev1/interface.go:65.73,70.2 4 0
sigs.k8s.io/azuredisk-csi-driver/pkg/azuredisk/mockcorev1/interface.go:73.71,76.2 2 0
sigs.k8s.io/azuredisk-csi-driver/pkg/azuredisk/mockcorev1/interface.go:79.76,84.2 4 0
sigs.k8s.io/azuredisk-csi-driver/pkg/azuredisk/mockcorev1/interface.go:87.85,90.2 2 0
sigs.k8s.io/azuredisk-csi-driver/pkg/azuredisk/mockcorev1/interface.go:93.75,98.2 4 0
sigs.k8s.io/azuredisk-csi-driver/pkg/azuredisk/mockcorev1/interface.go:101.84,104.2 2 0
sigs.k8s.io/azuredisk-csi-driver/pkg/azuredisk/mockcorev1/interface.go:107.68,112.2 4 0
sigs.k8s.io/azuredisk-csi-driver/pkg/azuredisk/mockcorev1/interface.go:115.81,118.2 2 0
sigs.k8s.io/azuredisk-csi-driver/pkg/azuredisk/mockcorev1/interface.go:121.78,126.2 4 0
sigs.k8s.io/azuredisk-csi-driver/pkg/azuredisk/mockcorev1/interface.go:129.86,132.2 2 0
sigs.k8s.io/azuredisk-csi-driver/pkg/azuredisk/mockcorev1/interface.go:135.60,140.2 4 0
sigs.k8s.io/azuredisk-csi-driver/pkg/azuredisk/mockcorev1/interface.go:143.64,146.2 2 0
sigs.k8s.io/azuredisk-csi-driver/pkg/azuredisk/mockcorev1/interface.go:149.50,154.2 4 0
sigs.k8s.io/azuredisk-csi-driver/pkg/azuredisk/mockcorev1/interface.go:157.59,160.2 2 0
sigs.k8s.io/azuredisk-csi-driver/pkg/azuredisk/mockcorev1/interface.go:163.74,168.2 4 0
sigs.k8s.io/azuredisk-csi-driver/pkg/azuredisk/mockcorev1/interface.go:171.71,174.2 2 0
sigs.k8s.io/azuredisk-csi-driver/pkg/azuredisk/mockcorev1/interface.go:177.100,182.2 4 0
sigs.k8s.io/azuredisk-csi-driver/pkg/azuredisk/mockcorev1/interface.go:185.97,188.2 2 0
sigs.k8s.io/azuredisk-csi-driver/pkg/azuredisk/mockcorev1/interface.go:191.64,196.2 4 0
sigs.k8s.io/azuredisk-csi-driver/pkg/azuredisk/mockcorev1/interface.go:199.79,202.2 2 0
sigs.k8s.io/azuredisk-csi-driver/pkg/azuredisk/mockcorev1/interface.go:205.80,210.2 4 0
sigs.k8s.io/azuredisk-csi-driver/pkg/azuredisk/mockcorev1/interface.go:213.87,216.2 2 0
sigs.k8s.io/azuredisk-csi-driver/pkg/azuredisk/mockcorev1/interface.go:219.100,224.2 4 0
sigs.k8s.io/azuredisk-csi-driver/pkg/azuredisk/mockcorev1/interface.go:227.97,230.2 2 0
sigs.k8s.io/azuredisk-csi-driver/pkg/azuredisk/mockcorev1/interface.go:233.84,238.2 4 0
sigs.k8s.io/azuredisk-csi-driver/pkg/azuredisk/mockcorev1/interface.go:241.89,244.2 2 0
sigs.k8s.io/azuredisk-csi-driver/pkg/azuredisk/mockcorev1/interface.go:247.70,252.2 4 0
sigs.k8s.io/azuredisk-csi-driver/pkg/azuredisk/mockcorev1/interface.go:255.82,258.2 2 0
sigs.k8s.io/azuredisk-csi-driver/pkg/azuredisk/mockcorev1/interface.go:261.72,266.2 4 0
sigs.k8s.io/azuredisk-csi-driver/pkg/azuredisk/mockcorev1/interface.go:269.83,272.2 2 0
sigs.k8s.io/azuredisk-csi-driver/pkg/azuredisk/mockcorev1/interface.go:275.86,280.2 4 0
sigs.k8s.io/azuredisk-csi-driver/pkg/azuredisk/mockcorev1/interface.go:283.90,286.2 2 0
sigs.k8s.io/azuredisk-csi-driver/pkg/azuredisk/mockkubeclient/interface.go:96.63,100.2 3 0
sigs.k8s.io/azuredisk-csi-driver/pkg/azuredisk/mockkubeclient/interface.go:103.61,105.2 1 0
sigs.k8s.io/azuredisk-csi-driver/pkg/azuredisk/mockkubeclient/interface.go:108.87,113.2 4 0
sigs.k8s.io/azuredisk-csi-driver/pkg/azuredisk/mockkubeclient/interface.go:116.77,119.2 2 0
sigs.k8s.io/azuredisk-csi-driver/pkg/azuredisk/mockkubeclient/interface.go:122.105,127.2 4 0
sigs.k8s.io/azuredisk-csi-driver/pkg/azuredisk/mockkubeclient/interface.go:130.83,133.2 2 0
sigs.k8s.io/azuredisk-csi-driver/pkg/azuredisk/mockkubeclient/interface.go:136.102,141.2 4 0
sigs.k8s.io/azuredisk-csi-driver/pkg/azuredisk/mockkubeclient/interface.go:144.82,147.2 2 0
sigs.k8s.io/azuredisk-csi-driver/pkg/azuredisk/mockkubeclient/interface.go:150.54,155.2 4 0
sigs.k8s.io/azuredisk-csi-driver/pkg/azuredisk/mockkubeclient/interface.go:158.60,161.2 2 0
sigs.k8s.io/azuredisk-csi-driver/pkg/azuredisk/mockkubeclient/interface.go:164.69,169.2 4 0
sigs.k8s.io/azuredisk-csi-driver/pkg/azuredisk/mockkubeclient/interface.go:172.65,175.2 2 0
sigs.k8s.io/azuredisk-csi-driver/pkg/azuredisk/mockkubeclient/interface.go:178.68,183.2 4 0
sigs.k8s.io/azuredisk-csi-driver/pkg/azuredisk/mockkubeclient/interface.go:186.65,189.2 2 0
sigs.k8s.io/azuredisk-csi-driver/pkg/azuredisk/mockkubeclient/interface.go:192.74,197.2 4 0
sigs.k8s.io/azuredisk-csi-driver/pkg/azuredisk/mockkubeclient/interface.go:200.70,203.2 2 0
sigs.k8s.io/azuredisk-csi-driver/pkg/azuredisk/mockkubeclient/interface.go:206.92,211.2 4 0
sigs.k8s.io/azuredisk-csi-driver/pkg/azuredisk/mockkubeclient/interface.go:214.76,217.2 2 0
sigs.k8s.io/azuredisk-csi-driver/pkg/azuredisk/mockkubeclient/interface.go:220.89,225.2 4 0
sigs.k8s.io/azuredisk-csi-driver/pkg/azuredisk/mockkubeclient/interface.go:228.75,231.2 2 0
sigs.k8s.io/azuredisk-csi-driver/pkg/azuredisk/mockkubeclient/interface.go:234.72,239.2 4 0
sigs.k8s.io/azuredisk-csi-driver/pkg/azuredisk/mockkubeclient/interface.go:242.69,245.2 2 0
sigs.k8s.io/azuredisk-csi-driver/pkg/azuredisk/mockkubeclient/interface.go:248.87,253.2 4 0
sigs.k8s.io/azuredisk-csi-driver/pkg/azuredisk/mockkubeclient/interface.go:256.74,259.2 2 0
sigs.k8s.io/azuredisk-csi-driver/pkg/azuredisk/mockkubeclient/interface.go:262.68,267.2 4 0
sigs.k8s.io/azuredisk-csi-driver/pkg/azuredisk/mockkubeclient/interface.go:270.67,273.2 2 0
sigs.k8s.io/azuredisk-csi-driver/pkg/azuredisk/mockkubeclient/interface.go:276.67,281.2 4 0
sigs.k8s.io/azuredisk-csi-driver/pkg/azuredisk/mockkubeclient/interface.go:284.67,287.2 2 0
sigs.k8s.io/azuredisk-csi-driver/pkg/azuredisk/mockkubeclient/interface.go:290.82,295.2 4 0
sigs.k8s.io/azuredisk-csi-driver/pkg/azuredisk/mockkubeclient/interface.go:298.72,301.2 2 0
sigs.k8s.io/azuredisk-csi-driver/pkg/azuredisk/mockkubeclient/interface.go:304.82,309.2 4 0
sigs.k8s.io/azuredisk-csi-driver/pkg/azuredisk/mockkubeclient/interface.go:312.72,315.2 2 0
sigs.k8s.io/azuredisk-csi-driver/pkg/azuredisk/mockkubeclient/interface.go:318.56,323.2 4 0
sigs.k8s.io/azuredisk-csi-driver/pkg/azuredisk/mockkubeclient/interface.go:326.61,329.2 2 0
sigs.k8s.io/azuredisk-csi-driver/pkg/azuredisk/mockkubeclient/interface.go:332.71,337.2 4 0
sigs.k8s.io/azuredisk-csi-driver/pkg/azuredisk/mockkubeclient/interface.go:340.66,343.2 2 0
sigs.k8s.io/azuredisk-csi-driver/pkg/azuredisk/mockkubeclient/interface.go:346.70,351.2 4 0
sigs.k8s.io/azuredisk-csi-driver/pkg/azuredisk/mockkubeclient/interface.go:354.68,357.2 2 0
sigs.k8s.io/azuredisk-csi-driver/pkg/azuredisk/mockkubeclient/interface.go:360.85,365.2 4 0
sigs.k8s.io/azuredisk-csi-driver/pkg/azuredisk/mockkubeclient/interface.go:368.73,371.2 2 0
sigs.k8s.io/azuredisk-csi-driver/pkg/azuredisk/mockkubeclient/interface.go:374.88,379.2 4 0
sigs.k8s.io/azuredisk-csi-driver/pkg/azuredisk/mockkubeclient/interface.go:382.74,385.2 2 0
sigs.k8s.io/azuredisk-csi-driver/pkg/azuredisk/mockkubeclient/interface.go:388.70,393.2 4 0
sigs.k8s.io/azuredisk-csi-driver/pkg/azuredisk/mockkubeclient/interface.go:396.68,399.2 2 0
sigs.k8s.io/azuredisk-csi-driver/pkg/azuredisk/mockkubeclient/interface.go:402.85,407.2 4 0
sigs.k8s.io/azuredisk-csi-driver/pkg/azuredisk/mockkubeclient/interface.go:410.73,413.2 2 0
sigs.k8s.io/azuredisk-csi-driver/pkg/azuredisk/mockkubeclient/interface.go:416.89,421.2 4 0
sigs.k8s.io/azuredisk-csi-driver/pkg/azuredisk/mockkubeclient/interface.go:424.74,427.2 2 0
sigs.k8s.io/azuredisk-csi-driver/pkg/azuredisk/mockkubeclient/interface.go:430.54,435.2 4 0
sigs.k8s.io/azuredisk-csi-driver/pkg/azuredisk/mockkubeclient/interface.go:438.60,441.2 2 0
sigs.k8s.io/azuredisk-csi-driver/pkg/azuredisk/mockkubeclient/interface.go:444.66,449.2 4 0
sigs.k8s.io/azuredisk-csi-driver/pkg/azuredisk/mockkubeclient/interface.go:452.63,455.2 2 0
sigs.k8s.io/azuredisk-csi-driver/pkg/azuredisk/mockkubeclient/interface.go:458.64,463.2 4 0
sigs.k8s.io/azuredisk-csi-driver/pkg/azuredisk/mockkubeclient/interface.go:466.65,469.2 2 0
sigs.k8s.io/azuredisk-csi-driver/pkg/azuredisk/mockkubeclient/interface.go:472.79,477.2 4 0
sigs.k8s.io/azuredisk-csi-driver/pkg/azuredisk/mockkubeclient/interface.go:480.70,483.2 2 0
sigs.k8s.io/azuredisk-csi-driver/pkg/azuredisk/mockkubeclient/interface.go:486.58,491.2 4 0
sigs.k8s.io/azuredisk-csi-driver/pkg/azuredisk/mockkubeclient/interface.go:494.62,497.2 2 0
sigs.k8s.io/azuredisk-csi-driver/pkg/azuredisk/mockkubeclient/interface.go:500.73,505.2 4 0
sigs.k8s.io/azuredisk-csi-driver/pkg/azuredisk/mockkubeclient/interface.go:508.67,511.2 2 0
sigs.k8s.io/azuredisk-csi-driver/pkg/azuredisk/mockkubeclient/interface.go:514.81,519.2 4 0
sigs.k8s.io/azuredisk-csi-driver/pkg/azuredisk/mockkubeclient/interface.go:522.71,525.2 2 0
sigs.k8s.io/azuredisk-csi-driver/pkg/azuredisk/mockkubeclient/interface.go:528.78,533.2 4 0
sigs.k8s.io/azuredisk-csi-driver/pkg/azuredisk/mockkubeclient/interface.go:536.67,539.2 2 0
sigs.k8s.io/azuredisk-csi-driver/pkg/azuredisk/mockkubeclient/interface.go:542.83,547.2 4 0
sigs.k8s.io/azuredisk-csi-driver/pkg/azuredisk/mockkubeclient/interface.go:550.72,553.2 2 0
sigs.k8s.io/azuredisk-csi-driver/pkg/azuredisk/mockkubeclient/interface.go:556.83,561.2 4 0
sigs.k8s.io/azuredisk-csi-driver/pkg/azuredisk/mockkubeclient/interface.go:564.72,567.2 2 0
sigs.k8s.io/azuredisk-csi-driver/pkg/azuredisk/mockkubeclient/interface.go:570.82,575.2 4 0
sigs.k8s.io/azuredisk-csi-driver/pkg/azuredisk/mockkubeclient/interface.go:578.72,581.2 2 0
sigs.k8s.io/azuredisk-csi-driver/pkg/azuredisk/mockkubeclient/interface.go:584.80,589.2 4 0
sigs.k8s.io/azuredisk-csi-driver/pkg/azuredisk/mockkubeclient/interface.go:592.70,595.2 2 0
sigs.k8s.io/azuredisk-csi-driver/pkg/azuredisk/mockkubeclient/interface.go:598.67,603.2 4 0
sigs.k8s.io/azuredisk-csi-driver/pkg/azuredisk/mockkubeclient/interface.go:606.66,609.2 2 0
sigs.k8s.io/azuredisk-csi-driver/pkg/azuredisk/mockkubeclient/interface.go:612.84,617.2 4 0
sigs.k8s.io/azuredisk-csi-driver/pkg/azuredisk/mockkubeclient/interface.go:620.72,623.2 2 0
sigs.k8s.io/azuredisk-csi-driver/pkg/azuredisk/mockkubeclient/interface.go:626.82,631.2 4 0
sigs.k8s.io/azuredisk-csi-driver/pkg/azuredisk/mockkubeclient/interface.go:634.71,637.2 2 0
sigs.k8s.io/azuredisk-csi-driver/pkg/azuredisk/mockkubeclient/interface.go:640.55,645.2 4 0
sigs.k8s.io/azuredisk-csi-driver/pkg/azuredisk/mockkubeclient/interface.go:648.60,651.2 2 0
sigs.k8s.io/azuredisk-csi-driver/pkg/azuredisk/mockkubeclient/interface.go:654.72,659.2 4 0
sigs.k8s.io/azuredisk-csi-driver/pkg/azuredisk/mockkubeclient/interface.go:662.66,665.2 2 0
sigs.k8s.io/azuredisk-csi-driver/pkg/azuredisk/mockkubeclient/interface.go:668.70,673.2 4 0
sigs.k8s.io/azuredisk-csi-driver/pkg/azuredisk/mockkubeclient/interface.go:676.65,679.2 2 0
sigs.k8s.io/azuredisk-csi-driver/pkg/azuredisk/mockkubeclient/interface.go:682.59,687.2 4 0
sigs.k8s.io/azuredisk-csi-driver/pkg/azuredisk/mockkubeclient/interface.go:690.62,693.2 2 0
sigs.k8s.io/azuredisk-csi-driver/pkg/azuredisk/mockkubeclient/interface.go:696.74,701.2 4 0
sigs.k8s.io/azuredisk-csi-driver/pkg/azuredisk/mockkubeclient/interface.go:704.67,707.2 2 0
sigs.k8s.io/azuredisk-csi-driver/pkg/azuredisk/mockkubeclient/interface.go:710.55,715.2 4 0
sigs.k8s.io/azuredisk-csi-driver/pkg/azuredisk/mockkubeclient/interface.go:718.60,721.2 2 0
sigs.k8s.io/azuredisk-csi-driver/pkg/azuredisk/mockkubeclient/interface.go:724.72,729.2 4 0
sigs.k8s.io/azuredisk-csi-driver/pkg/azuredisk/mockkubeclient/interface.go:732.66,735.2 2 0
sigs.k8s.io/azuredisk-csi-driver/pkg/azuredisk/mockkubeclient/interface.go:738.70,743.2 4 0
sigs.k8s.io/azuredisk-csi-driver/pkg/azuredisk/mockkubeclient/interface.go:746.65,749.2 2 0
sigs.k8s.io/azuredisk-csi-driver/pkg/azuredisk/mockkubeclient/interface.go:752.80,757.2 4 0
sigs.k8s.io/azuredisk-csi-driver/pkg/azuredisk/mockkubeclient/interface.go:760.70,763.2 2 0
sigs.k8s.io/azuredisk-csi-driver/pkg/azuredisk/mockkubeclient/interface.go:766.78,771.2 4 0
sigs.k8s.io/azuredisk-csi-driver/pkg/azuredisk/mockkubeclient/interface.go:774.69,777.2 2 0
sigs.k8s.io/azuredisk-csi-driver/pkg/azuredisk/mockkubeclient/interface.go:780.67,785.2 4 0
sigs.k8s.io/azuredisk-csi-driver/pkg/azuredisk/mockkubeclient/interface.go:788.66,791.2 2 0
sigs.k8s.io/azuredisk-csi-driver/pkg/azuredisk/mockkubeclient/interface.go:794.84,799.2 4 0
sigs.k8s.io/azuredisk-csi-driver/pkg/azuredisk/mockkubeclient/interface.go:802.72,805.2 2 0
sigs.k8s.io/azuredisk-csi-driver/pkg/azuredisk/mockkubeclient/interface.go:808.82,813.2 4 0
sigs.k8s.io/azuredisk-csi-driver/pkg/azuredisk/mockkubeclient/interface.go:816.71,819.2 2 0
sigs.k8s.io/azuredisk-csi-driver/pkg/azuredisk/mockkubeclient/interface.go:822.61,827.2 4 0
sigs.k8s.io/azuredisk-csi-driver/pkg/azuredisk/mockkubeclient/interface.go:830.63,833.2 2 0
sigs.k8s.io/azuredisk-csi-driver/pkg/azuredisk/mockkubeclient/interface.go:836.78,841.2 4 0
sigs.k8s.io/azuredisk-csi-driver/pkg/azuredisk/mockkubeclient/interface.go:844.69,847.2 2 0
sigs.k8s.io/azuredisk-csi-driver/pkg/azuredisk/mockkubeclient/interface.go:850.76,855.2 4 0
sigs.k8s.io/azuredisk-csi-driver/pkg/azuredisk/mockkubeclient/interface.go:858.68,861.2 2 0
sigs.k8s.io/azuredisk-csi-driver/pkg/azuredisk/mockkubeclient/interface.go:864.97,869.2 4 0
sigs.k8s.io/azuredisk-csi-driver/pkg/azuredisk/mockkubeclient/interface.go:872.78,875.2 2 0
sigs.k8s.io/azuredisk-csi-driver/pkg/azuredisk/mockpersistentvolume/interface.go:45.91,49.2 3 0
sigs.k8s.io/azuredisk-csi-driver/pkg/azuredisk/mockpersistentvolume/interface.go:52.89,54.2 1 0
sigs.k8s.io/azuredisk-csi-driver/pkg/azuredisk/mockpersistentvolume/interface.go:57.89,62.2 4 0
sigs.k8s.io/azuredisk-csi-driver/pkg/azuredisk/mockpersistentvolume/interface.go:65.85,68.2 2 0
sigs.k8s.io/azuredisk-csi-driver/pkg/azuredisk/mockpersistentvolume/interface.go:82.63,86.2 3 0
sigs.k8s.io/azuredisk-csi-driver/pkg/azuredisk/mockpersistentvolume/interface.go:89.61,91.2 1 0
sigs.k8s.io/azuredisk-csi-driver/pkg/azuredisk/mockpersistentvolume/interface.go:94.149,100.2 5 0
sigs.k8s.io/azuredisk-csi-driver/pkg/azuredisk/mockpersistentvolume/interface.go:103.99,106.2 2 0
sigs.k8s.io/azuredisk-csi-driver/pkg/azuredisk/mockpersistentvolume/interface.go:109.149,115.2 5 0
sigs.k8s.io/azuredisk-csi-driver/pkg/azuredisk/mockpersistentvolume/interface.go:118.99,121.2 2 0
sigs.k8s.io/azuredisk-csi-driver/pkg/azuredisk/mockpersistentvolume/interface.go:124.155,130.2 5 0
sigs.k8s.io/azuredisk-csi-driver/pkg/azuredisk/mockpersistentvolume/interface.go:133.105,136.2 2 0
sigs.k8s.io/azuredisk-csi-driver/pkg/azuredisk/mockpersistentvolume/interface.go:139.99,144.2 4 0
sigs.k8s.io/azuredisk-csi-driver/pkg/azuredisk/mockpersistentvolume/interface.go:147.87,150.2 2 0
sigs.k8s.io/azuredisk-csi-driver/pkg/azuredisk/mockpersistentvolume/interface.go:153.125,158.2 4 0
sigs.k8s.io/azuredisk-csi-driver/pkg/azuredisk/mockpersistentvolume/interface.go:161.101,164.2 2 0
sigs.k8s.io/azuredisk-csi-driver/pkg/azuredisk/mockpersistentvolume/interface.go:167.117,173.2 5 0
sigs.k8s.io/azuredisk-csi-driver/pkg/azuredisk/mockpersistentvolume/interface.go:176.84,179.2 2 0
sigs.k8s.io/azuredisk-csi-driver/pkg/azuredisk/mockpersistentvolume/interface.go:182.110,188.2 5 0
sigs.k8s.io/azuredisk-csi-driver/pkg/azuredisk/mockpersistentvolume/interface.go:191.79,194.2 2 0
sigs.k8s.io/azuredisk-csi-driver/pkg/azuredisk/mockpersistentvolume/interface.go:197.102,203.2 5 0
sigs.k8s.io/azuredisk-csi-driver/pkg/azuredisk/mockpersistentvolume/interface.go:206.80,209.2 2 0
sigs.k8s.io/azuredisk-csi-driver/pkg/azuredisk/mockpersistentvolume/interface.go:212.178,215.33 3 0
sigs.k8s.io/azuredisk-csi-driver/pkg/azuredisk/mockpersistentvolume/interface.go:215.33,217.3 1 0
sigs.k8s.io/azuredisk-csi-driver/pkg/azuredisk/mockpersistentvolume/interface.go:218.2,221.19 4 0
sigs.k8s.io/azuredisk-csi-driver/pkg/azuredisk/mockpersistentvolume/interface.go:225.125,229.2 3 0
sigs.k8s.io/azuredisk-csi-driver/pkg/azuredisk/mockpersistentvolume/interface.go:232.180,239.2 6 0
sigs.k8s.io/azuredisk-csi-driver/pkg/azuredisk/mockpersistentvolume/interface.go:242.186,249.2 6 0
sigs.k8s.io/azuredisk-csi-driver/pkg/azurediskplugin/hooks/prestop.go:61.52,65.20 3 1
sigs.k8s.io/azuredisk-csi-driver/pkg/azurediskplugin/hooks/prestop.go:65.20,67.3 1 1
sigs.k8s.io/azuredisk-csi-driver/pkg/azurediskplugin/hooks/prestop.go:69.2,70.9 2 0
sigs.k8s.io/azuredisk-csi-driver/pkg/azurediskplugin/hooks/prestop.go:71.33,72.145 1 0
sigs.k8s.io/azuredisk-csi-driver/pkg/azurediskplugin/hooks/prestop.go:73.18,74.13 1 0
sigs.k8s.io/azuredisk-csi-driver/pkg/azurediskplugin/hooks/prestop.go:75.33,77.13 2 0
sigs.k8s.io/azuredisk-csi-driver/pkg/azurediskplugin/hooks/prestop.go:78.10,79.108 1 0
sigs.k8s.io/azuredisk-csi-driver/pkg/azurediskplugin/hooks/prestop.go:82.2,82.54 1 0
sigs.k8s.io/azuredisk-csi-driver/pkg/azurediskplugin/hooks/prestop.go:85.83,87.16 2 0
sigs.k8s.io/azuredisk-csi-driver/pkg/azurediskplugin/hooks/prestop.go:87.16,89.3 1 0
sigs.k8s.io/azuredisk-csi-driver/pkg/azurediskplugin/hooks/prestop.go:90.2,90.18 1 0
sigs.k8s.io/azuredisk-csi-driver/pkg/azurediskplugin/hooks/prestop.go:94.45,95.41 1 1
sigs.k8s.io/azuredisk-csi-driver/pkg/azurediskplugin/hooks/prestop.go:95.41,96.62 1 1
sigs.k8s.io/azuredisk-csi-driver/pkg/azurediskplugin/hooks/prestop.go:96.62,98.4 1 1
sigs.k8s.io/azuredisk-csi-driver/pkg/azurediskplugin/hooks/prestop.go:100.2,100.14 1 1
sigs.k8s.io/azuredisk-csi-driver/pkg/azurediskplugin/hooks/prestop.go:103.86,110.37 4 0
sigs.k8s.io/azuredisk-csi-driver/pkg/azurediskplugin/hooks/prestop.go:110.37,113.11 3 0
sigs.k8s.io/azuredisk-csi-driver/pkg/azurediskplugin/hooks/prestop.go:113.11,115.5 1 0
sigs.k8s.io/azuredisk-csi-driver/pkg/azurediskplugin/hooks/prestop.go:116.4,116.36 1 0
sigs.k8s.io/azuredisk-csi-driver/pkg/azurediskplugin/hooks/prestop.go:116.36,117.94 1 0
sigs.k8s.io/azuredisk-csi-driver/pkg/azurediskplugin/hooks/prestop.go:117.94,119.6 1 0
sigs.k8s.io/azuredisk-csi-driver/pkg/azurediskplugin/hooks/prestop.go:122.43,125.11 3 0
sigs.k8s.io/azuredisk-csi-driver/pkg/azurediskplugin/hooks/prestop.go:125.11,127.5 1 0
sigs.k8s.io/azuredisk-csi-driver/pkg/azurediskplugin/hooks/prestop.go:128.4,128.36 1 0
sigs.k8s.io/azuredisk-csi-driver/pkg/azurediskplugin/hooks/prestop.go:128.36,129.94 1 0
sigs.k8s.io/azuredisk-csi-driver/pkg/azurediskplugin/hooks/prestop.go:129.94,131.6 1 0
sigs.k8s.io/azuredisk-csi-driver/pkg/azurediskplugin/hooks/prestop.go:135.2,135.16 1 0
sigs.k8s.io/azuredisk-csi-driver/pkg/azurediskplugin/hooks/prestop.go:135.16,137.3 1 0
sigs.k8s.io/azuredisk-csi-driver/pkg/azurediskplugin/hooks/prestop.go:139.2,141.91 2 0
sigs.k8s.io/azuredisk-csi-driver/pkg/azurediskplugin/hooks/prestop.go:141.91,143.3 1 0
sigs.k8s.io/azuredisk-csi-driver/pkg/azurediskplugin/hooks/prestop.go:145.2,147.12 3 0
sigs.k8s.io/azuredisk-csi-driver/pkg/azurediskplugin/hooks/prestop.go:150.121,152.16 2 0
sigs.k8s.io/azuredisk-csi-driver/pkg/azurediskplugin/hooks/prestop.go:152.16,154.3 1 0
sigs.k8s.io/azuredisk-csi-driver/pkg/azurediskplugin/hooks/prestop.go:155.2,157.50 2 0
sigs.k8s.io/azuredisk-csi-driver/pkg/azurediskplugin/hooks/prestop.go:157.50,158.43 1 0
sigs.k8s.io/azuredisk-csi-driver/pkg/azurediskplugin/hooks/prestop.go:158.43,161.4 2 0
sigs.k8s.io/azuredisk-csi-driver/pkg/azurediskplugin/hooks/prestop.go:164.2,165.12 2 0
sigs.k8s.io/azuredisk-csi-driver/pkg/azurediskplugin/main.go:36.13,38.55 2 1
sigs.k8s.io/azuredisk-csi-driver/pkg/azurediskplugin/main.go:38.55,40.3 1 1
sigs.k8s.io/azuredisk-csi-driver/pkg/azurediskplugin/main.go:51.27,53.2 1 0
sigs.k8s.io/azuredisk-csi-driver/pkg/azurediskplugin/main.go:55.13,57.14 2 1
sigs.k8s.io/azuredisk-csi-driver/pkg/azurediskplugin/main.go:57.14,59.17 2 1
sigs.k8s.io/azuredisk-csi-driver/pkg/azurediskplugin/main.go:59.17,61.4 1 0
sigs.k8s.io/azuredisk-csi-driver/pkg/azurediskplugin/main.go:62.3,62.20 1 1
sigs.k8s.io/azuredisk-csi-driver/pkg/azurediskplugin/main.go:63.8,63.25 1 0
sigs.k8s.io/azuredisk-csi-driver/pkg/azurediskplugin/main.go:63.25,65.3 1 0
sigs.k8s.io/azuredisk-csi-driver/pkg/azurediskplugin/main.go:65.8,68.3 2 0
sigs.k8s.io/azuredisk-csi-driver/pkg/azurediskplugin/main.go:69.2,69.9 1 1
sigs.k8s.io/azuredisk-csi-driver/pkg/azurediskplugin/main.go:72.43,74.16 2 0
sigs.k8s.io/azuredisk-csi-driver/pkg/azurediskplugin/main.go:74.16,76.3 1 0
sigs.k8s.io/azuredisk-csi-driver/pkg/azurediskplugin/main.go:76.8,77.51 1 0
sigs.k8s.io/azuredisk-csi-driver/pkg/azurediskplugin/main.go:77.51,80.4 2 0
sigs.k8s.io/azuredisk-csi-driver/pkg/azurediskplugin/main.go:82.2,82.45 1 0
sigs.k8s.io/azuredisk-csi-driver/pkg/azurediskplugin/main.go:85.15,90.19 4 0
sigs.k8s.io/azuredisk-csi-driver/pkg/azurediskplugin/main.go:90.19,92.3 1 0
sigs.k8s.io/azuredisk-csi-driver/pkg/azurediskplugin/main.go:93.2,93.57 1 0
sigs.k8s.io/azuredisk-csi-driver/pkg/azurediskplugin/main.go:93.57,95.3 1 0
sigs.k8s.io/azuredisk-csi-driver/pkg/azurediskplugin/main.go:98.22,99.27 1 0
sigs.k8s.io/azuredisk-csi-driver/pkg/azurediskplugin/main.go:99.27,101.3 1 0
sigs.k8s.io/azuredisk-csi-driver/pkg/azurediskplugin/main.go:102.2,103.16 2 0
sigs.k8s.io/azuredisk-csi-driver/pkg/azurediskplugin/main.go:103.16,106.3 2 0
sigs.k8s.io/azuredisk-csi-driver/pkg/azurediskplugin/main.go:107.2,107.46 1 0
sigs.k8s.io/azuredisk-csi-driver/pkg/azurediskplugin/main.go:110.83,113.12 3 0
sigs.k8s.io/azuredisk-csi-driver/pkg/azurediskplugin/main.go:113.12,115.38 2 0
sigs.k8s.io/azuredisk-csi-driver/pkg/azurediskplugin/main.go:115.38,117.4 1 0
sigs.k8s.io/azuredisk-csi-driver/pkg/azurediskplugin/main.go:121.41,125.2 3 0
sigs.k8s.io/azuredisk-csi-driver/pkg/azurediskplugin/main.go:127.41,128.16 1 1
sigs.k8s.io/azuredisk-csi-driver/pkg/azurediskplugin/main.go:128.16,130.3 1 1
sigs.k8s.io/azuredisk-csi-driver/pkg/azurediskplugin/main.go:131.2,131.71 1 1
sigs.k8s.io/azuredisk-csi-driver/pkg/azurediskplugin/main.go:131.71,133.3 1 1
sigs.k8s.io/azuredisk-csi-driver/pkg/azurediskplugin/main.go:134.2,134.12 1 1
sigs.k8s.io/azuredisk-csi-driver/pkg/csi-common/driver.go:40.68,41.16 1 1
sigs.k8s.io/azuredisk-csi-driver/pkg/csi-common/driver.go:41.16,44.3 2 1
sigs.k8s.io/azuredisk-csi-driver/pkg/csi-common/driver.go:46.2,46.18 1 1
sigs.k8s.io/azuredisk-csi-driver/pkg/csi-common/driver.go:46.18,49.3 2 1
sigs.k8s.io/azuredisk-csi-driver/pkg/csi-common/driver.go:51.2,51.17 1 1
sigs.k8s.io/azuredisk-csi-driver/pkg/csi-common/driver.go:51.17,54.3 1 1
sigs.k8s.io/azuredisk-csi-driver/pkg/csi-common/driver.go:56.2,62.16 2 1
sigs.k8s.io/azuredisk-csi-driver/pkg/csi-common/driver.go:65.104,66.54 1 1
sigs.k8s.io/azuredisk-csi-driver/pkg/csi-common/driver.go:66.54,68.3 1 1
sigs.k8s.io/azuredisk-csi-driver/pkg/csi-common/driver.go:70.2,70.28 1 1
sigs.k8s.io/azuredisk-csi-driver/pkg/csi-common/driver.go:70.28,71.34 1 1
sigs.k8s.io/azuredisk-csi-driver/pkg/csi-common/driver.go:71.34,73.4 1 1
sigs.k8s.io/azuredisk-csi-driver/pkg/csi-common/driver.go:75.2,75.56 1 1
sigs.k8s.io/azuredisk-csi-driver/pkg/csi-common/driver.go:78.101,81.23 2 1
sigs.k8s.io/azuredisk-csi-driver/pkg/csi-common/driver.go:81.23,84.3 2 1
sigs.k8s.io/azuredisk-csi-driver/pkg/csi-common/driver.go:86.2,86.13 1 1
sigs.k8s.io/azuredisk-csi-driver/pkg/csi-common/driver.go:89.89,91.23 2 1
sigs.k8s.io/azuredisk-csi-driver/pkg/csi-common/driver.go:91.23,94.3 2 1
sigs.k8s.io/azuredisk-csi-driver/pkg/csi-common/driver.go:95.2,95.15 1 1
sigs.k8s.io/azuredisk-csi-driver/pkg/csi-common/driver.go:98.130,100.23 2 1
sigs.k8s.io/azuredisk-csi-driver/pkg/csi-common/driver.go:100.23,103.3 2 1
sigs.k8s.io/azuredisk-csi-driver/pkg/csi-common/driver.go:104.2,105.12 2 1
sigs.k8s.io/azuredisk-csi-driver/pkg/csi-common/driver.go:108.89,110.2 1 1
sigs.k8s.io/azuredisk-csi-driver/pkg/csi-common/fake_driver.go:28.36,33.2 2 1
sigs.k8s.io/azuredisk-csi-driver/pkg/csi-common/utils.go:34.55,35.107 1 1
sigs.k8s.io/azuredisk-csi-driver/pkg/csi-common/utils.go:35.107,37.17 2 1
sigs.k8s.io/azuredisk-csi-driver/pkg/csi-common/utils.go:37.17,39.4 1 1
sigs.k8s.io/azuredisk-csi-driver/pkg/csi-common/utils.go:41.2,41.55 1 1
sigs.k8s.io/azuredisk-csi-driver/pkg/csi-common/utils.go:44.73,46.16 2 1
sigs.k8s.io/azuredisk-csi-driver/pkg/csi-common/utils.go:46.16,49.3 2 1
sigs.k8s.io/azuredisk-csi-driver/pkg/csi-common/utils.go:51.2,51.21 1 1
sigs.k8s.io/azuredisk-csi-driver/pkg/csi-common/utils.go:51.21,52.32 1 1
sigs.k8s.io/azuredisk-csi-driver/pkg/csi-common/utils.go:52.32,54.4 1 1
sigs.k8s.io/azuredisk-csi-driver/pkg/csi-common/utils.go:55.3,55.64 1 1
sigs.k8s.io/azuredisk-csi-driver/pkg/csi-common/utils.go:55.64,58.4 2 0
sigs.k8s.io/azuredisk-csi-driver/pkg/csi-common/utils.go:60.2,62.16 3 1
sigs.k8s.io/azuredisk-csi-driver/pkg/csi-common/utils.go:62.16,65.3 2 1
sigs.k8s.io/azuredisk-csi-driver/pkg/csi-common/utils.go:66.2,66.22 1 1
sigs.k8s.io/azuredisk-csi-driver/pkg/csi-common/utils.go:69.112,71.2 1 1
sigs.k8s.io/azuredisk-csi-driver/pkg/csi-common/utils.go:73.114,81.2 1 1
sigs.k8s.io/azuredisk-csi-driver/pkg/csi-common/utils.go:83.96,91.2 1 1
sigs.k8s.io/azuredisk-csi-driver/pkg/csi-common/utils.go:93.39,97.46 1 1
sigs.k8s.io/azuredisk-csi-driver/pkg/csi-common/utils.go:97.46,99.3 1 1
sigs.k8s.io/azuredisk-csi-driver/pkg/csi-common/utils.go:100.2,100.10 1 1
sigs.k8s.io/azuredisk-csi-driver/pkg/csi-common/utils.go:103.128,109.16 5 1
sigs.k8s.io/azuredisk-csi-driver/pkg/csi-common/utils.go:109.16,111.3 1 0
sigs.k8s.io/azuredisk-csi-driver/pkg/csi-common/utils.go:111.8,113.3 1 1
sigs.k8s.io/azuredisk-csi-driver/pkg/csi-common/utils.go:114.2,114.18 1 1
sigs.k8s.io/azuredisk-csi-driver/pkg/filewatcher/filewatcher.go:29.27,31.2 1 0
sigs.k8s.io/azuredisk-csi-driver/pkg/filewatcher/filewatcher.go:36.38,38.2 1 1
sigs.k8s.io/azuredisk-csi-driver/pkg/filewatcher/filewatcher.go:42.52,46.37 2 1
sigs.k8s.io/azuredisk-csi-driver/pkg/filewatcher/filewatcher.go:46.37,51.17 3 1
sigs.k8s.io/azuredisk-csi-driver/pkg/filewatcher/filewatcher.go:51.17,53.4 1 1
sigs.k8s.io/azuredisk-csi-driver/pkg/filewatcher/filewatcher.go:54.3,57.41 2 1
sigs.k8s.io/azuredisk-csi-driver/pkg/filewatcher/filewatcher.go:59.2,59.12 1 1
sigs.k8s.io/azuredisk-csi-driver/pkg/filewatcher/filewatcher.go:63.45,65.16 2 1
sigs.k8s.io/azuredisk-csi-driver/pkg/filewatcher/filewatcher.go:65.16,67.3 1 0
sigs.k8s.io/azuredisk-csi-driver/pkg/filewatcher/filewatcher.go:69.2,69.12 1 1
sigs.k8s.io/azuredisk-csi-driver/pkg/filewatcher/filewatcher.go:69.12,70.7 1 1
sigs.k8s.io/azuredisk-csi-driver/pkg/filewatcher/filewatcher.go:70.7,71.11 1 1
sigs.k8s.io/azuredisk-csi-driver/pkg/filewatcher/filewatcher.go:72.39,73.101 1 1
sigs.k8s.io/azuredisk-csi-driver/pkg/filewatcher/filewatcher.go:73.101,76.6 2 1
sigs.k8s.io/azuredisk-csi-driver/pkg/filewatcher/filewatcher.go:77.37,78.11 1 0
sigs.k8s.io/azuredisk-csi-driver/pkg/filewatcher/filewatcher.go:78.11,80.6 1 0
sigs.k8s.io/azuredisk-csi-driver/pkg/filewatcher/filewatcher.go:85.2,85.26 1 1
sigs.k8s.io/azuredisk-csi-driver/pkg/mounter/fake_safe_mounter.go:37.62,38.31 1 1
sigs.k8s.io/azuredisk-csi-driver/pkg/mounter/fake_safe_mounter.go:38.31,40.3 1 0
sigs.k8s.io/azuredisk-csi-driver/pkg/mounter/fake_safe_mounter.go:42.2,48.8 3 1
sigs.k8s.io/azuredisk-csi-driver/pkg/mounter/fake_safe_mounter.go:52.77,53.45 1 1
sigs.k8s.io/azuredisk-csi-driver/pkg/mounter/fake_safe_mounter.go:53.45,55.3 1 1
sigs.k8s.io/azuredisk-csi-driver/pkg/mounter/fake_safe_mounter.go:55.8,55.52 1 1
sigs.k8s.io/azuredisk-csi-driver/pkg/mounter/fake_safe_mounter.go:55.52,57.3 1 1
sigs.k8s.io/azuredisk-csi-driver/pkg/mounter/fake_safe_mounter.go:59.2,59.12 1 1
sigs.k8s.io/azuredisk-csi-driver/pkg/mounter/fake_safe_mounter.go:63.89,64.50 1 1
sigs.k8s.io/azuredisk-csi-driver/pkg/mounter/fake_safe_mounter.go:64.50,66.3 1 1
sigs.k8s.io/azuredisk-csi-driver/pkg/mounter/fake_safe_mounter.go:66.8,66.57 1 1
sigs.k8s.io/azuredisk-csi-driver/pkg/mounter/fake_safe_mounter.go:66.57,68.3 1 1
sigs.k8s.io/azuredisk-csi-driver/pkg/mounter/fake_safe_mounter.go:70.2,70.12 1 1
sigs.k8s.io/azuredisk-csi-driver/pkg/mounter/fake_safe_mounter.go:74.76,75.47 1 1
sigs.k8s.io/azuredisk-csi-driver/pkg/mounter/fake_safe_mounter.go:75.47,77.3 1 1
sigs.k8s.io/azuredisk-csi-driver/pkg/mounter/fake_safe_mounter.go:78.2,78.47 1 1
sigs.k8s.io/azuredisk-csi-driver/pkg/mounter/fake_safe_mounter.go:78.47,80.3 1 1
sigs.k8s.io/azuredisk-csi-driver/pkg/mounter/fake_safe_mounter.go:81.2,81.18 1 1
sigs.k8s.io/azuredisk-csi-driver/pkg/mounter/fake_safe_mounter.go:85.67,87.16 2 0
sigs.k8s.io/azuredisk-csi-driver/pkg/mounter/fake_safe_mounter.go:87.16,89.3 1 0
sigs.k8s.io/azuredisk-csi-driver/pkg/mounter/fake_safe_mounter.go:90.2,90.21 1 0
sigs.k8s.io/azuredisk-csi-driver/pkg/mounter/fake_safe_mounter.go:94.90,95.33 1 1
sigs.k8s.io/azuredisk-csi-driver/pkg/mounter/fake_safe_mounter.go:95.33,97.62 2 1
sigs.k8s.io/azuredisk-csi-driver/pkg/mounter/fake_safe_mounter.go:97.62,104.4 5 1
sigs.k8s.io/azuredisk-csi-driver/pkg/mounter/fake_safe_mounter.go:106.3,106.59 1 1
sigs.k8s.io/azuredisk-csi-driver/pkg/mounter/safe_mounter_unix.go:29.134,32.2 2 1
sigs.k8s.io/azuredisk-csi-driver/pkg/optimization/mockoptimization/interface.go:42.63,46.2 3 0
sigs.k8s.io/azuredisk-csi-driver/pkg/optimization/mockoptimization/interface.go:49.61,51.2 1 0
sigs.k8s.io/azuredisk-csi-driver/pkg/optimization/mockoptimization/interface.go:54.100,59.2 4 0
sigs.k8s.io/azuredisk-csi-driver/pkg/optimization/mockoptimization/interface.go:62.126,65.2 2 0
sigs.k8s.io/azuredisk-csi-driver/pkg/optimization/mockoptimization/interface.go:68.218,73.2 4 0
sigs.k8s.io/azuredisk-csi-driver/pkg/optimization/mockoptimization/interface.go:76.202,79.2 2 0
sigs.k8s.io/azuredisk-csi-driver/pkg/optimization/device_perf.go:32.46,36.2 1 1
sigs.k8s.io/azuredisk-csi-driver/pkg/optimization/device_perf.go:43.106,45.2 1 1
sigs.k8s.io/azuredisk-csi-driver/pkg/optimization/device_perf.go:48.138,50.2 1 1
sigs.k8s.io/azuredisk-csi-driver/pkg/optimization/device_perf_helper.go:30.46,32.2 1 1
sigs.k8s.io/azuredisk-csi-driver/pkg/optimization/device_perf_helper.go:35.177,38.31 3 1
sigs.k8s.io/azuredisk-csi-driver/pkg/optimization/device_perf_helper.go:38.31,40.29 2 1
sigs.k8s.io/azuredisk-csi-driver/pkg/optimization/device_perf_helper.go:41.32,43.15 2 1
sigs.k8s.io/azuredisk-csi-driver/pkg/optimization/device_perf_helper.go:44.28,45.19 1 1
sigs.k8s.io/azuredisk-csi-driver/pkg/optimization/device_perf_helper.go:46.32,47.22 1 1
sigs.k8s.io/azuredisk-csi-driver/pkg/optimization/device_perf_helper.go:48.38,49.19 1 1
sigs.k8s.io/azuredisk-csi-driver/pkg/optimization/device_perf_helper.go:50.38,51.21 1 1
sigs.k8s.io/azuredisk-csi-driver/pkg/optimization/device_perf_helper.go:52.11,53.70 1 1
sigs.k8s.io/azuredisk-csi-driver/pkg/optimization/device_perf_helper.go:53.70,55.5 1 1
sigs.k8s.io/azuredisk-csi-driver/pkg/optimization/device_perf_helper.go:60.2,60.24 1 1
sigs.k8s.io/azuredisk-csi-driver/pkg/optimization/device_perf_helper.go:60.24,62.35 1 1
sigs.k8s.io/azuredisk-csi-driver/pkg/optimization/device_perf_helper.go:62.35,64.4 1 1
sigs.k8s.io/azuredisk-csi-driver/pkg/optimization/device_perf_helper.go:65.8,69.3 1 1
sigs.k8s.io/azuredisk-csi-driver/pkg/optimization/device_perf_helper.go:71.2,71.94 1 1
sigs.k8s.io/azuredisk-csi-driver/pkg/optimization/device_perf_helper.go:75.47,76.34 1 1
sigs.k8s.io/azuredisk-csi-driver/pkg/optimization/device_perf_helper.go:77.31,78.14 1 1
sigs.k8s.io/azuredisk-csi-driver/pkg/optimization/device_perf_helper.go:79.34,80.14 1 1
sigs.k8s.io/azuredisk-csi-driver/pkg/optimization/device_perf_helper.go:81.10,82.15 1 1
sigs.k8s.io/azuredisk-csi-driver/pkg/optimization/device_perf_helper.go:87.63,89.106 2 1
sigs.k8s.io/azuredisk-csi-driver/pkg/optimization/device_perf_helper.go:89.106,91.3 1 1
sigs.k8s.io/azuredisk-csi-driver/pkg/optimization/device_perf_helper.go:92.2,92.14 1 1
sigs.k8s.io/azuredisk-csi-driver/pkg/optimization/device_perf_helper.go:96.82,97.61 1 1
sigs.k8s.io/azuredisk-csi-driver/pkg/optimization/device_perf_helper.go:97.61,99.3 1 0
sigs.k8s.io/azuredisk-csi-driver/pkg/optimization/device_perf_helper.go:100.2,100.69 1 1
sigs.k8s.io/azuredisk-csi-driver/pkg/optimization/device_perf_helper.go:104.88,105.30 1 1
sigs.k8s.io/azuredisk-csi-driver/pkg/optimization/device_perf_helper.go:105.30,107.3 1 1
sigs.k8s.io/azuredisk-csi-driver/pkg/optimization/device_perf_helper.go:109.2,109.38 1 1
sigs.k8s.io/azuredisk-csi-driver/pkg/optimization/device_perf_helper.go:109.38,112.17 2 1
sigs.k8s.io/azuredisk-csi-driver/pkg/optimization/device_perf_helper.go:112.17,116.4 1 0
sigs.k8s.io/azuredisk-csi-driver/pkg/optimization/device_perf_helper.go:118.3,118.69 1 1
sigs.k8s.io/azuredisk-csi-driver/pkg/optimization/device_perf_helper.go:118.69,120.4 1 1
sigs.k8s.io/azuredisk-csi-driver/pkg/optimization/device_perf_helper.go:123.2,123.12 1 1
sigs.k8s.io/azuredisk-csi-driver/pkg/optimization/device_perf_linux.go:40.38,42.2 1 1
sigs.k8s.io/azuredisk-csi-driver/pkg/optimization/device_perf_linux.go:44.110,46.2 1 1
sigs.k8s.io/azuredisk-csi-driver/pkg/optimization/device_perf_linux.go:50.132,52.21 1 1
sigs.k8s.io/azuredisk-csi-driver/pkg/optimization/device_perf_linux.go:52.21,54.3 1 1
sigs.k8s.io/azuredisk-csi-driver/pkg/optimization/device_perf_linux.go:56.2,57.16 2 1
sigs.k8s.io/azuredisk-csi-driver/pkg/optimization/device_perf_linux.go:57.16,59.3 1 1
sigs.k8s.io/azuredisk-csi-driver/pkg/optimization/device_perf_linux.go:61.2,63.38 3 1
sigs.k8s.io/azuredisk-csi-driver/pkg/optimization/device_perf_linux.go:64.31,66.85 1 1
sigs.k8s.io/azuredisk-csi-driver/pkg/optimization/device_perf_linux.go:67.34,68.95 1 0
sigs.k8s.io/azuredisk-csi-driver/pkg/optimization/device_perf_linux.go:69.10,70.84 1 0
sigs.k8s.io/azuredisk-csi-driver/pkg/optimization/device_perf_linux.go:73.2,73.16 1 1
sigs.k8s.io/azuredisk-csi-driver/pkg/optimization/device_perf_linux.go:73.16,76.3 1 0
sigs.k8s.io/azuredisk-csi-driver/pkg/optimization/device_perf_linux.go:78.2,83.56 2 1
sigs.k8s.io/azuredisk-csi-driver/pkg/optimization/device_perf_linux.go:87.137,91.16 3 1
sigs.k8s.io/azuredisk-csi-driver/pkg/optimization/device_perf_linux.go:91.16,93.3 1 0
sigs.k8s.io/azuredisk-csi-driver/pkg/optimization/device_perf_linux.go:95.2,102.28 7 1
sigs.k8s.io/azuredisk-csi-driver/pkg/optimization/device_perf_linux.go:105.148,110.52 3 1
sigs.k8s.io/azuredisk-csi-driver/pkg/optimization/device_perf_linux.go:110.52,112.3 1 1
sigs.k8s.io/azuredisk-csi-driver/pkg/optimization/device_perf_linux.go:114.2,114.28 1 1
sigs.k8s.io/azuredisk-csi-driver/pkg/optimization/device_perf_linux.go:117.91,118.74 1 1
sigs.k8s.io/azuredisk-csi-driver/pkg/optimization/device_perf_linux.go:118.74,120.3 1 1
sigs.k8s.io/azuredisk-csi-driver/pkg/optimization/device_perf_linux.go:122.2,122.45 1 1
sigs.k8s.io/azuredisk-csi-driver/pkg/optimization/device_perf_linux.go:122.45,124.17 2 1
sigs.k8s.io/azuredisk-csi-driver/pkg/optimization/device_perf_linux.go:124.17,129.4 1 1
sigs.k8s.io/azuredisk-csi-driver/pkg/optimization/device_perf_linux.go:132.2,132.12 1 1
sigs.k8s.io/azuredisk-csi-driver/pkg/optimization/device_perf_linux.go:137.67,139.16 2 1
sigs.k8s.io/azuredisk-csi-driver/pkg/optimization/device_perf_linux.go:139.16,141.3 1 1
sigs.k8s.io/azuredisk-csi-driver/pkg/optimization/device_perf_linux.go:143.2,143.39 1 1
sigs.k8s.io/azuredisk-csi-driver/pkg/optimization/device_perf_linux.go:147.55,149.16 2 1
sigs.k8s.io/azuredisk-csi-driver/pkg/optimization/device_perf_linux.go:149.16,151.3 1 1
sigs.k8s.io/azuredisk-csi-driver/pkg/optimization/device_perf_linux.go:152.2,156.36 4 1
sigs.k8s.io/azuredisk-csi-driver/pkg/optimization/device_perf_linux.go:156.36,158.3 1 0
sigs.k8s.io/azuredisk-csi-driver/pkg/optimization/device_perf_linux.go:159.2,159.19 1 1
sigs.k8s.io/azuredisk-csi-driver/pkg/optimization/device_perf_linux.go:162.253,171.34 5 1
sigs.k8s.io/azuredisk-csi-driver/pkg/optimization/device_perf_linux.go:171.34,173.3 1 1
sigs.k8s.io/azuredisk-csi-driver/pkg/optimization/device_perf_linux.go:175.2,180.23 3 1
sigs.k8s.io/azuredisk-csi-driver/pkg/optimization/device_perf_linux.go:180.23,182.3 1 1
sigs.k8s.io/azuredisk-csi-driver/pkg/optimization/device_perf_linux.go:184.2,190.21 3 1
sigs.k8s.io/azuredisk-csi-driver/pkg/optimization/device_perf_linux.go:190.21,192.3 1 1
sigs.k8s.io/azuredisk-csi-driver/pkg/optimization/device_perf_linux.go:195.2,227.74 14 1
sigs.k8s.io/azuredisk-csi-driver/pkg/optimization/device_perf_linux.go:232.171,236.64 3 1
sigs.k8s.io/azuredisk-csi-driver/pkg/optimization/device_perf_linux.go:236.64,238.3 1 1
sigs.k8s.io/azuredisk-csi-driver/pkg/optimization/device_perf_linux.go:240.2,241.16 2 1
sigs.k8s.io/azuredisk-csi-driver/pkg/optimization/device_perf_linux.go:241.16,243.3 1 1
sigs.k8s.io/azuredisk-csi-driver/pkg/optimization/device_perf_linux.go:247.2,248.16 2 1
sigs.k8s.io/azuredisk-csi-driver/pkg/optimization/device_perf_linux.go:248.16,250.3 1 1
sigs.k8s.io/azuredisk-csi-driver/pkg/optimization/device_perf_linux.go:251.2,252.16 2 1
sigs.k8s.io/azuredisk-csi-driver/pkg/optimization/device_perf_linux.go:252.16,254.3 1 1
sigs.k8s.io/azuredisk-csi-driver/pkg/optimization/device_perf_linux.go:256.2,256.49 1 1
sigs.k8s.io/azuredisk-csi-driver/pkg/optimization/device_perf_linux.go:256.49,258.59 1 1
sigs.k8s.io/azuredisk-csi-driver/pkg/optimization/device_perf_linux.go:258.59,259.69 1 1
sigs.k8s.io/azuredisk-csi-driver/pkg/optimization/device_perf_linux.go:259.69,262.5 2 1
sigs.k8s.io/azuredisk-csi-driver/pkg/optimization/device_perf_linux.go:266.2,266.25 1 1
sigs.k8s.io/azuredisk-csi-driver/pkg/optimization/device_perf_linux.go:270.80,271.16 1 1
sigs.k8s.io/azuredisk-csi-driver/pkg/optimization/device_perf_linux.go:271.16,273.3 1 1
sigs.k8s.io/azuredisk-csi-driver/pkg/optimization/device_perf_linux.go:275.2,275.92 1 1
sigs.k8s.io/azuredisk-csi-driver/pkg/optimization/device_perf_linux.go:275.92,277.3 1 1
sigs.k8s.io/azuredisk-csi-driver/pkg/optimization/device_perf_linux.go:279.2,279.14 1 1
sigs.k8s.io/azuredisk-csi-driver/pkg/optimization/skus.go:120.104,124.9 3 1
sigs.k8s.io/azuredisk-csi-driver/pkg/optimization/skus.go:124.9,126.3 1 1
sigs.k8s.io/azuredisk-csi-driver/pkg/optimization/skus.go:128.2,129.16 2 1
sigs.k8s.io/azuredisk-csi-driver/pkg/optimization/skus.go:129.16,131.3 1 0
sigs.k8s.io/azuredisk-csi-driver/pkg/optimization/skus.go:133.2,139.9 5 1
sigs.k8s.io/azuredisk-csi-driver/pkg/optimization/skus.go:139.9,141.3 1 1
sigs.k8s.io/azuredisk-csi-driver/pkg/optimization/skus.go:143.2,150.22 7 1
sigs.k8s.io/azuredisk-csi-driver/pkg/optimization/skus.go:153.60,155.2 1 0
sigs.k8s.io/azuredisk-csi-driver/pkg/optimization/skus.go:160.59,161.28 1 1
sigs.k8s.io/azuredisk-csi-driver/pkg/optimization/skus.go:161.28,163.3 1 1
sigs.k8s.io/azuredisk-csi-driver/pkg/optimization/skus.go:165.2,165.28 1 1
sigs.k8s.io/azuredisk-csi-driver/pkg/optimization/skus.go:165.28,167.3 1 1
sigs.k8s.io/azuredisk-csi-driver/pkg/optimization/skus.go:169.2,169.29 1 1
sigs.k8s.io/azuredisk-csi-driver/pkg/optimization/skus.go:169.29,171.3 1 1
sigs.k8s.io/azuredisk-csi-driver/pkg/optimization/skus.go:173.2,173.14 1 1
sigs.k8s.io/azuredisk-csi-driver/pkg/optimization/skus.go:179.62,180.28 1 1
sigs.k8s.io/azuredisk-csi-driver/pkg/optimization/skus.go:180.28,182.3 1 1
sigs.k8s.io/azuredisk-csi-driver/pkg/optimization/skus.go:184.2,184.28 1 1
sigs.k8s.io/azuredisk-csi-driver/pkg/optimization/skus.go:184.28,186.3 1 1
sigs.k8s.io/azuredisk-csi-driver/pkg/optimization/skus.go:188.2,188.29 1 1
sigs.k8s.io/azuredisk-csi-driver/pkg/optimization/skus.go:188.29,190.3 1 1
sigs.k8s.io/azuredisk-csi-driver/pkg/optimization/skus.go:192.2,192.15 1 1
sigs.k8s.io/azuredisk-csi-driver/pkg/azureutils/azure_disk_utils.go:116.84,122.31 2 1
sigs.k8s.io/azuredisk-csi-driver/pkg/azureutils/azure_disk_utils.go:122.31,123.52 1 1
sigs.k8s.io/azuredisk-csi-driver/pkg/azureutils/azure_disk_utils.go:123.52,125.9 2 1
sigs.k8s.io/azuredisk-csi-driver/pkg/azureutils/azure_disk_utils.go:129.2,130.50 2 1
sigs.k8s.io/azuredisk-csi-driver/pkg/azureutils/azure_disk_utils.go:135.66,136.31 1 1
sigs.k8s.io/azuredisk-csi-driver/pkg/azureutils/azure_disk_utils.go:136.31,137.29 1 1
sigs.k8s.io/azuredisk-csi-driver/pkg/azureutils/azure_disk_utils.go:138.43,139.45 1 1
sigs.k8s.io/azuredisk-csi-driver/pkg/azureutils/azure_disk_utils.go:139.45,141.5 1 1
sigs.k8s.io/azuredisk-csi-driver/pkg/azureutils/azure_disk_utils.go:144.2,144.11 1 1
sigs.k8s.io/azuredisk-csi-driver/pkg/azureutils/azure_disk_utils.go:149.127,154.23 5 1
sigs.k8s.io/azuredisk-csi-driver/pkg/azureutils/azure_disk_utils.go:154.23,164.17 3 1
sigs.k8s.io/azuredisk-csi-driver/pkg/azureutils/azure_disk_utils.go:164.17,166.4 1 1
sigs.k8s.io/azuredisk-csi-driver/pkg/azureutils/azure_disk_utils.go:167.3,167.34 1 1
sigs.k8s.io/azuredisk-csi-driver/pkg/azureutils/azure_disk_utils.go:167.34,169.4 1 0
sigs.k8s.io/azuredisk-csi-driver/pkg/azureutils/azure_disk_utils.go:170.3,170.29 1 1
sigs.k8s.io/azuredisk-csi-driver/pkg/azureutils/azure_disk_utils.go:173.2,173.19 1 1
sigs.k8s.io/azuredisk-csi-driver/pkg/azureutils/azure_disk_utils.go:173.19,176.46 3 1
sigs.k8s.io/azuredisk-csi-driver/pkg/azureutils/azure_disk_utils.go:176.46,178.4 1 1
sigs.k8s.io/azuredisk-csi-driver/pkg/azureutils/azure_disk_utils.go:178.9,179.26 1 1
sigs.k8s.io/azuredisk-csi-driver/pkg/azureutils/azure_disk_utils.go:179.26,181.5 1 0
sigs.k8s.io/azuredisk-csi-driver/pkg/azureutils/azure_disk_utils.go:181.10,183.5 1 1
sigs.k8s.io/azuredisk-csi-driver/pkg/azureutils/azure_disk_utils.go:184.4,184.97 1 1
sigs.k8s.io/azuredisk-csi-driver/pkg/azureutils/azure_disk_utils.go:186.3,187.17 2 1
sigs.k8s.io/azuredisk-csi-driver/pkg/azureutils/azure_disk_utils.go:187.17,189.4 1 1
sigs.k8s.io/azuredisk-csi-driver/pkg/azureutils/azure_disk_utils.go:192.2,192.19 1 1
sigs.k8s.io/azuredisk-csi-driver/pkg/azureutils/azure_disk_utils.go:192.19,193.28 1 1
sigs.k8s.io/azuredisk-csi-driver/pkg/azureutils/azure_disk_utils.go:193.28,195.4 1 1
sigs.k8s.io/azuredisk-csi-driver/pkg/azureutils/azure_disk_utils.go:195.9,197.4 1 1
sigs.k8s.io/azuredisk-csi-driver/pkg/azureutils/azure_disk_utils.go:198.8,214.45 3 1
sigs.k8s.io/azuredisk-csi-driver/pkg/azureutils/azure_disk_utils.go:214.45,218.4 3 0
sigs.k8s.io/azuredisk-csi-driver/pkg/azureutils/azure_disk_utils.go:220.3,220.63 1 1
sigs.k8s.io/azuredisk-csi-driver/pkg/azureutils/azure_disk_utils.go:220.63,222.4 1 0
sigs.k8s.io/azuredisk-csi-driver/pkg/azureutils/azure_disk_utils.go:223.3,223.63 1 1
sigs.k8s.io/azuredisk-csi-driver/pkg/azureutils/azure_disk_utils.go:223.63,225.4 1 0
sigs.k8s.io/azuredisk-csi-driver/pkg/azureutils/azure_disk_utils.go:226.3,226.94 1 1
sigs.k8s.io/azuredisk-csi-driver/pkg/azureutils/azure_disk_utils.go:226.94,229.4 2 0
sigs.k8s.io/azuredisk-csi-driver/pkg/azureutils/azure_disk_utils.go:230.3,230.40 1 1
sigs.k8s.io/azuredisk-csi-driver/pkg/azureutils/azure_disk_utils.go:230.40,234.4 2 0
sigs.k8s.io/azuredisk-csi-driver/pkg/azureutils/azure_disk_utils.go:235.3,235.30 1 1
sigs.k8s.io/azuredisk-csi-driver/pkg/azureutils/azure_disk_utils.go:235.30,237.4 1 0
sigs.k8s.io/azuredisk-csi-driver/pkg/azureutils/azure_disk_utils.go:238.3,238.85 1 1
sigs.k8s.io/azuredisk-csi-driver/pkg/azureutils/azure_disk_utils.go:238.85,240.4 1 0
sigs.k8s.io/azuredisk-csi-driver/pkg/azureutils/azure_disk_utils.go:244.2,244.47 1 1
sigs.k8s.io/azuredisk-csi-driver/pkg/azureutils/azure_disk_utils.go:244.47,246.3 1 0
sigs.k8s.io/azuredisk-csi-driver/pkg/azureutils/azure_disk_utils.go:247.2,247.16 1 1
sigs.k8s.io/azuredisk-csi-driver/pkg/azureutils/azure_disk_utils.go:250.68,252.16 2 1
sigs.k8s.io/azuredisk-csi-driver/pkg/azureutils/azure_disk_utils.go:252.16,254.3 1 1
sigs.k8s.io/azuredisk-csi-driver/pkg/azureutils/azure_disk_utils.go:256.2,256.39 1 1
sigs.k8s.io/azuredisk-csi-driver/pkg/azureutils/azure_disk_utils.go:260.51,262.26 2 1
sigs.k8s.io/azuredisk-csi-driver/pkg/azureutils/azure_disk_utils.go:262.26,264.3 1 1
sigs.k8s.io/azuredisk-csi-driver/pkg/azureutils/azure_disk_utils.go:264.8,267.24 2 1
sigs.k8s.io/azuredisk-csi-driver/pkg/azureutils/azure_disk_utils.go:267.24,269.4 1 1
sigs.k8s.io/azuredisk-csi-driver/pkg/azureutils/azure_disk_utils.go:269.9,271.4 1 1
sigs.k8s.io/azuredisk-csi-driver/pkg/azureutils/azure_disk_utils.go:274.2,275.16 2 1
sigs.k8s.io/azuredisk-csi-driver/pkg/azureutils/azure_disk_utils.go:275.16,277.3 1 1
sigs.k8s.io/azuredisk-csi-driver/pkg/azureutils/azure_disk_utils.go:278.2,278.24 1 1
sigs.k8s.io/azuredisk-csi-driver/pkg/azureutils/azure_disk_utils.go:290.52,292.39 2 1
sigs.k8s.io/azuredisk-csi-driver/pkg/azureutils/azure_disk_utils.go:292.39,295.3 2 1
sigs.k8s.io/azuredisk-csi-driver/pkg/azureutils/azure_disk_utils.go:296.2,296.67 1 1
sigs.k8s.io/azuredisk-csi-driver/pkg/azureutils/azure_disk_utils.go:296.67,300.3 2 1
sigs.k8s.io/azuredisk-csi-driver/pkg/azureutils/azure_disk_utils.go:302.2,302.17 1 1
sigs.k8s.io/azuredisk-csi-driver/pkg/azureutils/azure_disk_utils.go:305.53,306.31 1 1
sigs.k8s.io/azuredisk-csi-driver/pkg/azureutils/azure_disk_utils.go:306.31,307.29 1 1
sigs.k8s.io/azuredisk-csi-driver/pkg/azureutils/azure_disk_utils.go:308.27,309.29 1 1
sigs.k8s.io/azuredisk-csi-driver/pkg/azureutils/azure_disk_utils.go:312.2,312.11 1 1
sigs.k8s.io/azuredisk-csi-driver/pkg/azureutils/azure_disk_utils.go:315.62,316.31 1 1
sigs.k8s.io/azuredisk-csi-driver/pkg/azureutils/azure_disk_utils.go:316.31,317.29 1 1
sigs.k8s.io/azuredisk-csi-driver/pkg/azureutils/azure_disk_utils.go:318.30,320.18 2 1
sigs.k8s.io/azuredisk-csi-driver/pkg/azureutils/azure_disk_utils.go:320.18,322.5 1 1
sigs.k8s.io/azuredisk-csi-driver/pkg/azureutils/azure_disk_utils.go:323.4,323.21 1 1
sigs.k8s.io/azuredisk-csi-driver/pkg/azureutils/azure_disk_utils.go:323.21,325.5 1 1
sigs.k8s.io/azuredisk-csi-driver/pkg/azureutils/azure_disk_utils.go:326.4,326.25 1 1
sigs.k8s.io/azuredisk-csi-driver/pkg/azureutils/azure_disk_utils.go:329.2,329.15 1 1
sigs.k8s.io/azuredisk-csi-driver/pkg/azureutils/azure_disk_utils.go:336.69,338.21 2 1
sigs.k8s.io/azuredisk-csi-driver/pkg/azureutils/azure_disk_utils.go:338.21,340.3 1 1
sigs.k8s.io/azuredisk-csi-driver/pkg/azureutils/azure_disk_utils.go:341.2,341.42 1 1
sigs.k8s.io/azuredisk-csi-driver/pkg/azureutils/azure_disk_utils.go:344.128,345.28 1 1
sigs.k8s.io/azuredisk-csi-driver/pkg/azureutils/azure_disk_utils.go:345.28,349.3 1 1
sigs.k8s.io/azuredisk-csi-driver/pkg/azureutils/azure_disk_utils.go:351.2,351.20 1 1
sigs.k8s.io/azuredisk-csi-driver/pkg/azureutils/azure_disk_utils.go:352.29,353.76 1 1
sigs.k8s.io/azuredisk-csi-driver/pkg/azureutils/azure_disk_utils.go:353.76,355.4 1 1
sigs.k8s.io/azuredisk-csi-driver/pkg/azureutils/azure_disk_utils.go:357.27,358.82 1 1
sigs.k8s.io/azuredisk-csi-driver/pkg/azureutils/azure_disk_utils.go:358.82,360.4 1 1
sigs.k8s.io/azuredisk-csi-driver/pkg/azureutils/azure_disk_utils.go:361.10,364.9 1 1
sigs.k8s.io/azuredisk-csi-driver/pkg/azureutils/azure_disk_utils.go:367.2,368.21 2 1
sigs.k8s.io/azuredisk-csi-driver/pkg/azureutils/azure_disk_utils.go:368.21,369.42 1 1
sigs.k8s.io/azuredisk-csi-driver/pkg/azureutils/azure_disk_utils.go:369.42,371.4 1 1
sigs.k8s.io/azuredisk-csi-driver/pkg/azureutils/azure_disk_utils.go:373.3,373.146 1 1
sigs.k8s.io/azuredisk-csi-driver/pkg/azureutils/azure_disk_utils.go:375.2,378.8 1 1
sigs.k8s.io/azuredisk-csi-driver/pkg/azureutils/azure_disk_utils.go:381.38,384.2 2 1
sigs.k8s.io/azuredisk-csi-driver/pkg/azureutils/azure_disk_utils.go:387.46,390.2 2 1
sigs.k8s.io/azuredisk-csi-driver/pkg/azureutils/azure_disk_utils.go:393.72,395.2 1 1
sigs.k8s.io/azuredisk-csi-driver/pkg/azureutils/azure_disk_utils.go:398.56,399.18 1 1
sigs.k8s.io/azuredisk-csi-driver/pkg/azureutils/azure_disk_utils.go:399.18,402.3 2 1
sigs.k8s.io/azuredisk-csi-driver/pkg/azureutils/azure_disk_utils.go:403.2,403.60 1 1
sigs.k8s.io/azuredisk-csi-driver/pkg/azureutils/azure_disk_utils.go:407.56,409.21 2 1
sigs.k8s.io/azuredisk-csi-driver/pkg/azureutils/azure_disk_utils.go:409.21,411.3 1 1
sigs.k8s.io/azuredisk-csi-driver/pkg/azureutils/azure_disk_utils.go:412.2,412.11 1 1
sigs.k8s.io/azuredisk-csi-driver/pkg/azureutils/azure_disk_utils.go:416.86,417.44 1 1
sigs.k8s.io/azuredisk-csi-driver/pkg/azureutils/azure_disk_utils.go:417.44,419.3 1 1
sigs.k8s.io/azuredisk-csi-driver/pkg/azureutils/azure_disk_utils.go:420.2,420.28 1 1
sigs.k8s.io/azuredisk-csi-driver/pkg/azureutils/azure_disk_utils.go:420.28,425.47 4 1
sigs.k8s.io/azuredisk-csi-driver/pkg/azureutils/azure_disk_utils.go:425.47,427.4 1 0
sigs.k8s.io/azuredisk-csi-driver/pkg/azureutils/azure_disk_utils.go:429.3,429.47 1 1
sigs.k8s.io/azuredisk-csi-driver/pkg/azureutils/azure_disk_utils.go:429.47,431.4 1 0
sigs.k8s.io/azuredisk-csi-driver/pkg/azureutils/azure_disk_utils.go:432.3,434.76 1 1
sigs.k8s.io/azuredisk-csi-driver/pkg/azureutils/azure_disk_utils.go:434.76,436.4 1 1
sigs.k8s.io/azuredisk-csi-driver/pkg/azureutils/azure_disk_utils.go:437.3,439.76 1 1
sigs.k8s.io/azuredisk-csi-driver/pkg/azureutils/azure_disk_utils.go:439.76,441.4 1 1
sigs.k8s.io/azuredisk-csi-driver/pkg/azureutils/azure_disk_utils.go:443.2,443.12 1 1
sigs.k8s.io/azuredisk-csi-driver/pkg/azureutils/azure_disk_utils.go:446.63,447.60 1 1
sigs.k8s.io/azuredisk-csi-driver/pkg/azureutils/azure_disk_utils.go:447.60,448.32 1 1
sigs.k8s.io/azuredisk-csi-driver/pkg/azureutils/azure_disk_utils.go:448.32,449.54 1 1
sigs.k8s.io/azuredisk-csi-driver/pkg/azureutils/azure_disk_utils.go:449.54,451.5 1 1
sigs.k8s.io/azuredisk-csi-driver/pkg/azureutils/azure_disk_utils.go:453.3,453.15 1 1
sigs.k8s.io/azuredisk-csi-driver/pkg/azureutils/azure_disk_utils.go:456.2,457.28 2 1
sigs.k8s.io/azuredisk-csi-driver/pkg/azureutils/azure_disk_utils.go:457.28,458.21 1 1
sigs.k8s.io/azuredisk-csi-driver/pkg/azureutils/azure_disk_utils.go:458.21,460.4 1 1
sigs.k8s.io/azuredisk-csi-driver/pkg/azureutils/azure_disk_utils.go:462.2,462.17 1 1
sigs.k8s.io/azuredisk-csi-driver/pkg/azureutils/azure_disk_utils.go:465.105,466.23 1 1
sigs.k8s.io/azuredisk-csi-driver/pkg/azureutils/azure_disk_utils.go:466.23,468.3 1 1
sigs.k8s.io/azuredisk-csi-driver/pkg/azureutils/azure_disk_utils.go:470.2,470.53 1 1
sigs.k8s.io/azuredisk-csi-driver/pkg/azureutils/azure_disk_utils.go:470.53,472.3 1 1
sigs.k8s.io/azuredisk-csi-driver/pkg/azureutils/azure_disk_utils.go:474.2,474.25 1 1
sigs.k8s.io/azuredisk-csi-driver/pkg/azureutils/azure_disk_utils.go:477.103,478.31 1 1
sigs.k8s.io/azuredisk-csi-driver/pkg/azureutils/azure_disk_utils.go:478.31,480.3 1 1
sigs.k8s.io/azuredisk-csi-driver/pkg/azureutils/azure_disk_utils.go:481.2,482.67 2 1
sigs.k8s.io/azuredisk-csi-driver/pkg/azureutils/azure_disk_utils.go:482.67,483.18 1 1
sigs.k8s.io/azuredisk-csi-driver/pkg/azureutils/azure_disk_utils.go:483.18,485.4 1 1
sigs.k8s.io/azuredisk-csi-driver/pkg/azureutils/azure_disk_utils.go:487.2,487.172 1 1
sigs.k8s.io/azuredisk-csi-driver/pkg/azureutils/azure_disk_utils.go:490.103,491.31 1 1
sigs.k8s.io/azuredisk-csi-driver/pkg/azureutils/azure_disk_utils.go:491.31,493.3 1 1
sigs.k8s.io/azuredisk-csi-driver/pkg/azureutils/azure_disk_utils.go:494.2,495.67 2 1
sigs.k8s.io/azuredisk-csi-driver/pkg/azureutils/azure_disk_utils.go:495.67,496.18 1 1
sigs.k8s.io/azuredisk-csi-driver/pkg/azureutils/azure_disk_utils.go:496.18,498.4 1 1
sigs.k8s.io/azuredisk-csi-driver/pkg/azureutils/azure_disk_utils.go:500.2,500.172 1 1
sigs.k8s.io/azuredisk-csi-driver/pkg/azureutils/azure_disk_utils.go:503.141,504.30 1 1
sigs.k8s.io/azuredisk-csi-driver/pkg/azureutils/azure_disk_utils.go:504.30,505.55 1 1
sigs.k8s.io/azuredisk-csi-driver/pkg/azureutils/azure_disk_utils.go:505.55,507.4 1 1
sigs.k8s.io/azuredisk-csi-driver/pkg/azureutils/azure_disk_utils.go:508.3,508.56 1 1
sigs.k8s.io/azuredisk-csi-driver/pkg/azureutils/azure_disk_utils.go:511.2,513.54 3 1
sigs.k8s.io/azuredisk-csi-driver/pkg/azureutils/azure_disk_utils.go:513.54,515.3 1 1
sigs.k8s.io/azuredisk-csi-driver/pkg/azureutils/azure_disk_utils.go:516.2,516.38 1 1
sigs.k8s.io/azuredisk-csi-driver/pkg/azureutils/azure_disk_utils.go:516.38,517.15 1 1
sigs.k8s.io/azuredisk-csi-driver/pkg/azureutils/azure_disk_utils.go:517.15,519.4 1 1
sigs.k8s.io/azuredisk-csi-driver/pkg/azureutils/azure_disk_utils.go:522.2,522.145 1 1
sigs.k8s.io/azuredisk-csi-driver/pkg/azureutils/azure_disk_utils.go:525.62,526.26 1 1
sigs.k8s.io/azuredisk-csi-driver/pkg/azureutils/azure_disk_utils.go:526.26,528.3 1 1
sigs.k8s.io/azuredisk-csi-driver/pkg/azureutils/azure_disk_utils.go:529.2,530.35 2 1
sigs.k8s.io/azuredisk-csi-driver/pkg/azureutils/azure_disk_utils.go:530.35,531.34 1 1
sigs.k8s.io/azuredisk-csi-driver/pkg/azureutils/azure_disk_utils.go:531.34,533.4 1 1
sigs.k8s.io/azuredisk-csi-driver/pkg/azureutils/azure_disk_utils.go:535.2,535.78 1 1
sigs.k8s.io/azuredisk-csi-driver/pkg/azureutils/azure_disk_utils.go:538.66,539.30 1 1
sigs.k8s.io/azuredisk-csi-driver/pkg/azureutils/azure_disk_utils.go:539.30,541.3 1 1
sigs.k8s.io/azuredisk-csi-driver/pkg/azureutils/azure_disk_utils.go:542.2,543.35 2 1
sigs.k8s.io/azuredisk-csi-driver/pkg/azureutils/azure_disk_utils.go:543.35,544.38 1 1
sigs.k8s.io/azuredisk-csi-driver/pkg/azureutils/azure_disk_utils.go:544.38,546.4 1 1
sigs.k8s.io/azuredisk-csi-driver/pkg/azureutils/azure_disk_utils.go:548.2,548.82 1 1
sigs.k8s.io/azuredisk-csi-driver/pkg/azureutils/azure_disk_utils.go:551.87,553.23 2 1
sigs.k8s.io/azuredisk-csi-driver/pkg/azureutils/azure_disk_utils.go:553.23,555.3 1 1
sigs.k8s.io/azuredisk-csi-driver/pkg/azureutils/azure_disk_utils.go:557.2,563.31 3 1
sigs.k8s.io/azuredisk-csi-driver/pkg/azureutils/azure_disk_utils.go:563.31,564.29 1 1
sigs.k8s.io/azuredisk-csi-driver/pkg/azureutils/azure_disk_utils.go:565.28,566.30 1 1
sigs.k8s.io/azuredisk-csi-driver/pkg/azureutils/azure_disk_utils.go:567.29,568.27 1 1
sigs.k8s.io/azuredisk-csi-driver/pkg/azureutils/azure_disk_utils.go:569.39,570.30 1 0
sigs.k8s.io/azuredisk-csi-driver/pkg/azureutils/azure_disk_utils.go:571.32,572.59 1 1
sigs.k8s.io/azuredisk-csi-driver/pkg/azureutils/azure_disk_utils.go:573.35,574.33 1 0
sigs.k8s.io/azuredisk-csi-driver/pkg/azureutils/azure_disk_utils.go:575.34,576.32 1 1
sigs.k8s.io/azuredisk-csi-driver/pkg/azureutils/azure_disk_utils.go:577.38,578.44 1 1
sigs.k8s.io/azuredisk-csi-driver/pkg/azureutils/azure_disk_utils.go:578.44,580.5 1 1
sigs.k8s.io/azuredisk-csi-driver/pkg/azureutils/azure_disk_utils.go:581.4,581.36 1 1
sigs.k8s.io/azuredisk-csi-driver/pkg/azureutils/azure_disk_utils.go:582.38,583.44 1 1
sigs.k8s.io/azuredisk-csi-driver/pkg/azureutils/azure_disk_utils.go:583.44,585.5 1 1
sigs.k8s.io/azuredisk-csi-driver/pkg/azureutils/azure_disk_utils.go:586.4,586.36 1 1
sigs.k8s.io/azuredisk-csi-driver/pkg/azureutils/azure_disk_utils.go:587.38,589.18 2 1
sigs.k8s.io/azuredisk-csi-driver/pkg/azureutils/azure_disk_utils.go:589.18,591.5 1 1
sigs.k8s.io/azuredisk-csi-driver/pkg/azureutils/azure_disk_utils.go:592.29,593.27 1 1
sigs.k8s.io/azuredisk-csi-driver/pkg/azureutils/azure_disk_utils.go:594.26,595.38 1 1
sigs.k8s.io/azuredisk-csi-driver/pkg/azureutils/azure_disk_utils.go:596.39,597.37 1 0
sigs.k8s.io/azuredisk-csi-driver/pkg/azureutils/azure_disk_utils.go:598.25,599.18 1 1
sigs.k8s.io/azuredisk-csi-driver/pkg/azureutils/azure_disk_utils.go:600.38,601.42 1 1
sigs.k8s.io/azuredisk-csi-driver/pkg/azureutils/azure_disk_utils.go:602.30,604.18 2 1
sigs.k8s.io/azuredisk-csi-driver/pkg/azureutils/azure_disk_utils.go:604.18,606.5 1 0
sigs.k8s.io/azuredisk-csi-driver/pkg/azureutils/azure_disk_utils.go:607.4,607.32 1 1
sigs.k8s.io/azuredisk-csi-driver/pkg/azureutils/azure_disk_utils.go:607.32,609.5 1 0
sigs.k8s.io/azuredisk-csi-driver/pkg/azureutils/azure_disk_utils.go:610.26,611.42 1 1
sigs.k8s.io/azuredisk-csi-driver/pkg/azureutils/azure_disk_utils.go:612.31,613.47 1 1
sigs.k8s.io/azuredisk-csi-driver/pkg/azureutils/azure_disk_utils.go:614.25,615.41 1 1
sigs.k8s.io/azuredisk-csi-driver/pkg/azureutils/azure_disk_utils.go:616.27,617.42 1 1
sigs.k8s.io/azuredisk-csi-driver/pkg/azureutils/azure_disk_utils.go:618.25,620.76 1 1
sigs.k8s.io/azuredisk-csi-driver/pkg/azureutils/azure_disk_utils.go:621.32,622.43 1 1
sigs.k8s.io/azuredisk-csi-driver/pkg/azureutils/azure_disk_utils.go:622.43,624.5 1 0
sigs.k8s.io/azuredisk-csi-driver/pkg/azureutils/azure_disk_utils.go:625.4,625.30 1 1
sigs.k8s.io/azuredisk-csi-driver/pkg/azureutils/azure_disk_utils.go:626.40,627.38 1 1
sigs.k8s.io/azuredisk-csi-driver/pkg/azureutils/azure_disk_utils.go:628.40,629.38 1 0
sigs.k8s.io/azuredisk-csi-driver/pkg/azureutils/azure_disk_utils.go:630.33,631.31 1 1
sigs.k8s.io/azuredisk-csi-driver/pkg/azureutils/azure_disk_utils.go:632.35,633.46 1 1
sigs.k8s.io/azuredisk-csi-driver/pkg/azureutils/azure_disk_utils.go:633.46,635.5 1 1
sigs.k8s.io/azuredisk-csi-driver/pkg/azureutils/azure_disk_utils.go:636.30,637.28 1 1
sigs.k8s.io/azuredisk-csi-driver/pkg/azureutils/azure_disk_utils.go:638.38,638.38 0 1
sigs.k8s.io/azuredisk-csi-driver/pkg/azureutils/azure_disk_utils.go:640.26,640.26 0 1
sigs.k8s.io/azuredisk-csi-driver/pkg/azureutils/azure_disk_utils.go:642.36,644.18 2 0
sigs.k8s.io/azuredisk-csi-driver/pkg/azureutils/azure_disk_utils.go:644.18,646.5 1 0
sigs.k8s.io/azuredisk-csi-driver/pkg/azureutils/azure_disk_utils.go:647.4,647.39 1 0
sigs.k8s.io/azuredisk-csi-driver/pkg/azureutils/azure_disk_utils.go:648.43,649.44 1 1
sigs.k8s.io/azuredisk-csi-driver/pkg/azureutils/azure_disk_utils.go:649.44,651.5 1 1
sigs.k8s.io/azuredisk-csi-driver/pkg/azureutils/azure_disk_utils.go:652.38,653.25 1 0
sigs.k8s.io/azuredisk-csi-driver/pkg/azureutils/azure_disk_utils.go:654.11,657.88 1 1
sigs.k8s.io/azuredisk-csi-driver/pkg/azureutils/azure_disk_utils.go:657.88,659.5 1 0
sigs.k8s.io/azuredisk-csi-driver/pkg/azureutils/azure_disk_utils.go:659.10,661.5 1 1
sigs.k8s.io/azuredisk-csi-driver/pkg/azureutils/azure_disk_utils.go:664.2,665.16 2 1
sigs.k8s.io/azuredisk-csi-driver/pkg/azureutils/azure_disk_utils.go:665.16,667.3 1 0
sigs.k8s.io/azuredisk-csi-driver/pkg/azureutils/azure_disk_utils.go:668.2,668.34 1 1
sigs.k8s.io/azuredisk-csi-driver/pkg/azureutils/azure_disk_utils.go:668.34,670.3 1 1
sigs.k8s.io/azuredisk-csi-driver/pkg/azureutils/azure_disk_utils.go:672.2,672.103 1 1
sigs.k8s.io/azuredisk-csi-driver/pkg/azureutils/azure_disk_utils.go:672.103,673.126 1 1
sigs.k8s.io/azuredisk-csi-driver/pkg/azureutils/azure_disk_utils.go:673.126,675.4 1 1
sigs.k8s.io/azuredisk-csi-driver/pkg/azureutils/azure_disk_utils.go:679.2,679.48 1 1
sigs.k8s.io/azuredisk-csi-driver/pkg/azureutils/azure_disk_utils.go:679.48,680.77 1 0
sigs.k8s.io/azuredisk-csi-driver/pkg/azureutils/azure_disk_utils.go:680.77,682.4 1 0
sigs.k8s.io/azuredisk-csi-driver/pkg/azureutils/azure_disk_utils.go:683.3,683.92 1 0
sigs.k8s.io/azuredisk-csi-driver/pkg/azureutils/azure_disk_utils.go:683.92,685.4 1 0
sigs.k8s.io/azuredisk-csi-driver/pkg/azureutils/azure_disk_utils.go:686.3,686.74 1 0
sigs.k8s.io/azuredisk-csi-driver/pkg/azureutils/azure_disk_utils.go:686.74,688.4 1 0
sigs.k8s.io/azuredisk-csi-driver/pkg/azureutils/azure_disk_utils.go:691.2,691.24 1 1
sigs.k8s.io/azuredisk-csi-driver/pkg/azureutils/azure_disk_utils.go:696.100,697.24 1 1
sigs.k8s.io/azuredisk-csi-driver/pkg/azureutils/azure_disk_utils.go:697.24,699.3 1 1
sigs.k8s.io/azuredisk-csi-driver/pkg/azureutils/azure_disk_utils.go:700.2,700.54 1 1
sigs.k8s.io/azuredisk-csi-driver/pkg/azureutils/azure_disk_utils.go:700.54,701.82 1 1
sigs.k8s.io/azuredisk-csi-driver/pkg/azureutils/azure_disk_utils.go:701.82,702.45 1 1
sigs.k8s.io/azuredisk-csi-driver/pkg/azureutils/azure_disk_utils.go:702.45,704.5 1 1
sigs.k8s.io/azuredisk-csi-driver/pkg/azureutils/azure_disk_utils.go:706.3,706.66 1 1
sigs.k8s.io/azuredisk-csi-driver/pkg/azureutils/azure_disk_utils.go:706.66,707.45 1 1
sigs.k8s.io/azuredisk-csi-driver/pkg/azureutils/azure_disk_utils.go:707.45,709.5 1 1
sigs.k8s.io/azuredisk-csi-driver/pkg/azureutils/azure_disk_utils.go:712.2,712.54 1 1
sigs.k8s.io/azuredisk-csi-driver/pkg/azureutils/azure_disk_utils.go:712.54,713.82 1 1
sigs.k8s.io/azuredisk-csi-driver/pkg/azureutils/azure_disk_utils.go:713.82,714.45 1 1
sigs.k8s.io/azuredisk-csi-driver/pkg/azureutils/azure_disk_utils.go:714.45,716.5 1 1
sigs.k8s.io/azuredisk-csi-driver/pkg/azureutils/azure_disk_utils.go:718.3,718.66 1 1
sigs.k8s.io/azuredisk-csi-driver/pkg/azureutils/azure_disk_utils.go:718.66,719.45 1 1
sigs.k8s.io/azuredisk-csi-driver/pkg/azureutils/azure_disk_utils.go:719.45,721.5 1 1
sigs.k8s.io/azuredisk-csi-driver/pkg/azureutils/azure_disk_utils.go:724.2,724.11 1 1
sigs.k8s.io/azuredisk-csi-driver/pkg/azureutils/azure_disk_utils.go:727.42,730.29 2 1
sigs.k8s.io/azuredisk-csi-driver/pkg/azureutils/azure_disk_utils.go:730.29,733.80 1 1
sigs.k8s.io/azuredisk-csi-driver/pkg/azureutils/azure_disk_utils.go:733.80,735.4 1 1
sigs.k8s.io/azuredisk-csi-driver/pkg/azureutils/azure_disk_utils.go:738.2,738.13 1 1
sigs.k8s.io/azuredisk-csi-driver/pkg/azureutils/azure_disk_utils.go:742.83,743.41 1 1
sigs.k8s.io/azuredisk-csi-driver/pkg/azureutils/azure_disk_utils.go:743.41,745.3 1 1
sigs.k8s.io/azuredisk-csi-driver/pkg/azureutils/azure_disk_utils.go:747.2,747.21 1 1
sigs.k8s.io/azuredisk-csi-driver/pkg/azureutils/azure_disk_utils.go:747.21,749.3 1 1
sigs.k8s.io/azuredisk-csi-driver/pkg/azureutils/azure_disk_utils.go:750.2,751.17 2 1
sigs.k8s.io/azuredisk-csi-driver/pkg/azureutils/azure_disk_utils.go:751.17,753.36 2 1
sigs.k8s.io/azuredisk-csi-driver/pkg/azureutils/azure_disk_utils.go:753.36,755.4 1 1
sigs.k8s.io/azuredisk-csi-driver/pkg/azureutils/azure_disk_utils.go:756.3,756.36 1 1
sigs.k8s.io/azuredisk-csi-driver/pkg/azureutils/azure_disk_utils.go:756.36,758.4 1 1
sigs.k8s.io/azuredisk-csi-driver/pkg/azureutils/azure_disk_utils.go:759.3,759.77 1 1
sigs.k8s.io/azuredisk-csi-driver/pkg/azureutils/azure_disk_utils.go:759.77,761.4 1 1
sigs.k8s.io/azuredisk-csi-driver/pkg/azureutils/azure_disk_utils.go:762.3,763.47 1 1
sigs.k8s.io/azuredisk-csi-driver/pkg/azureutils/azure_disk_utils.go:763.47,765.4 1 1
sigs.k8s.io/azuredisk-csi-driver/pkg/azureutils/azure_disk_utils.go:766.3,766.28 1 1
sigs.k8s.io/azuredisk-csi-driver/pkg/azureutils/azure_disk_utils.go:766.28,768.4 1 1
sigs.k8s.io/azuredisk-csi-driver/pkg/azureutils/azure_disk_utils.go:772.55,773.42 1 1
sigs.k8s.io/azuredisk-csi-driver/pkg/azureutils/azure_disk_utils.go:773.42,775.22 2 1
sigs.k8s.io/azuredisk-csi-driver/pkg/azureutils/azure_disk_utils.go:775.22,777.4 1 1
sigs.k8s.io/azuredisk-csi-driver/pkg/azureutils/azure_disk_utils.go:778.3,779.54 2 1
sigs.k8s.io/azuredisk-csi-driver/pkg/azureutils/azure_disk_utils.go:783.40,784.16 1 1
sigs.k8s.io/azuredisk-csi-driver/pkg/azureutils/azure_disk_utils.go:784.16,787.3 2 1
sigs.k8s.io/azuredisk-csi-driver/pkg/azureutils/azure_disk_utils.go:788.2,788.14 1 1
sigs.k8s.io/azuredisk-csi-driver/pkg/azureutils/azure_disk_utils.go:792.42,793.16 1 1
sigs.k8s.io/azuredisk-csi-driver/pkg/azureutils/azure_disk_utils.go:793.16,795.3 1 1
sigs.k8s.io/azuredisk-csi-driver/pkg/azureutils/azure_disk_utils.go:796.2,798.20 3 1
sigs.k8s.io/azuredisk-csi-driver/pkg/azureutils/azure_disk_utils.go:798.20,799.60 1 1
sigs.k8s.io/azuredisk-csi-driver/pkg/azureutils/azure_disk_utils.go:799.60,800.49 1 1
sigs.k8s.io/azuredisk-csi-driver/pkg/azureutils/azure_disk_utils.go:800.49,802.5 1 1
sigs.k8s.io/azuredisk-csi-driver/pkg/azureutils/azure_disk_utils.go:803.4,803.21 1 1
sigs.k8s.io/azuredisk-csi-driver/pkg/azureutils/azure_disk_utils.go:806.2,806.10 1 1
sigs.k8s.io/azuredisk-csi-driver/pkg/azureutils/azure_disk_utils.go:811.63,812.14 1 1
sigs.k8s.io/azuredisk-csi-driver/pkg/azureutils/azure_disk_utils.go:812.14,814.3 1 1
sigs.k8s.io/azuredisk-csi-driver/pkg/azureutils/azure_disk_utils.go:815.2,815.19 1 1
sigs.k8s.io/azuredisk-csi-driver/pkg/azureutils/azure_disk_utils.go:815.19,816.32 1 1
sigs.k8s.io/azuredisk-csi-driver/pkg/azureutils/azure_disk_utils.go:816.32,819.4 2 1
sigs.k8s.io/azuredisk-csi-driver/pkg/azureutils/azure_disk_utils.go:821.2,821.16 1 1
sigs.k8s.io/azuredisk-csi-driver/pkg/azureutils/azure_disk_utils.go:828.75,833.37 3 1
sigs.k8s.io/azuredisk-csi-driver/pkg/azureutils/azure_disk_utils.go:833.37,835.3 1 1
sigs.k8s.io/azuredisk-csi-driver/pkg/azureutils/azure_disk_utils.go:836.2,836.30 1 1
sigs.k8s.io/azuredisk-csi-driver/pkg/azureutils/azure_disk_utils.go:841.83,842.33 1 1
sigs.k8s.io/azuredisk-csi-driver/pkg/azureutils/azure_disk_utils.go:842.33,843.29 1 1
sigs.k8s.io/azuredisk-csi-driver/pkg/azureutils/azure_disk_utils.go:843.29,845.4 1 1
sigs.k8s.io/azuredisk-csi-driver/pkg/azureutils/azure_disk_utils.go:847.2,847.23 1 1
sigs.k8s.io/azuredisk-csi-driver/pkg/azureutils/azure_snapshot_utils.go:33.103,34.51 1 1
sigs.k8s.io/azuredisk-csi-driver/pkg/azureutils/azure_snapshot_utils.go:34.51,36.3 1 1
sigs.k8s.io/azuredisk-csi-driver/pkg/azureutils/azure_snapshot_utils.go:38.2,38.44 1 1
sigs.k8s.io/azuredisk-csi-driver/pkg/azureutils/azure_snapshot_utils.go:38.44,40.3 1 0
sigs.k8s.io/azuredisk-csi-driver/pkg/azureutils/azure_snapshot_utils.go:42.2,42.43 1 1
sigs.k8s.io/azuredisk-csi-driver/pkg/azureutils/azure_snapshot_utils.go:42.43,44.3 1 1
sigs.k8s.io/azuredisk-csi-driver/pkg/azureutils/azure_snapshot_utils.go:46.2,47.26 2 1
sigs.k8s.io/azuredisk-csi-driver/pkg/azureutils/azure_snapshot_utils.go:47.26,49.3 1 1
sigs.k8s.io/azuredisk-csi-driver/pkg/azureutils/azure_snapshot_utils.go:57.2,57.11 1 1
sigs.k8s.io/azuredisk-csi-driver/pkg/azureutils/azure_snapshot_utils.go:57.11,59.51 2 1
sigs.k8s.io/azuredisk-csi-driver/pkg/azureutils/azure_snapshot_utils.go:59.51,62.4 1 1
sigs.k8s.io/azuredisk-csi-driver/pkg/azureutils/azure_snapshot_utils.go:62.9,64.4 1 1
sigs.k8s.io/azuredisk-csi-driver/pkg/azureutils/azure_snapshot_utils.go:66.3,66.41 1 1
sigs.k8s.io/azuredisk-csi-driver/pkg/azureutils/azure_snapshot_utils.go:66.41,69.4 2 1
sigs.k8s.io/azuredisk-csi-driver/pkg/azureutils/azure_snapshot_utils.go:72.2,78.8 1 1
sigs.k8s.io/azuredisk-csi-driver/pkg/azureutils/azure_snapshot_utils.go:86.130,87.16 1 1
sigs.k8s.io/azuredisk-csi-driver/pkg/azureutils/azure_snapshot_utils.go:87.16,89.3 1 1
sigs.k8s.io/azuredisk-csi-driver/pkg/azureutils/azure_snapshot_utils.go:91.2,93.29 3 1
sigs.k8s.io/azuredisk-csi-driver/pkg/azureutils/azure_snapshot_utils.go:93.29,95.17 2 1
sigs.k8s.io/azuredisk-csi-driver/pkg/azureutils/azure_snapshot_utils.go:95.17,98.4 1 1
sigs.k8s.io/azuredisk-csi-driver/pkg/azureutils/azure_snapshot_utils.go:99.3,99.30 1 1
sigs.k8s.io/azuredisk-csi-driver/pkg/azureutils/azure_snapshot_utils.go:99.30,101.4 1 1
sigs.k8s.io/azuredisk-csi-driver/pkg/azureutils/azure_snapshot_utils.go:102.3,102.16 1 1
sigs.k8s.io/azuredisk-csi-driver/pkg/azureutils/azure_snapshot_utils.go:102.16,104.4 1 1
sigs.k8s.io/azuredisk-csi-driver/pkg/azureutils/azure_snapshot_utils.go:107.2,108.60 2 1
sigs.k8s.io/azuredisk-csi-driver/pkg/azureutils/azure_snapshot_utils.go:108.60,110.3 1 1
sigs.k8s.io/azuredisk-csi-driver/pkg/azureutils/azure_snapshot_utils.go:111.2,112.72 2 1
sigs.k8s.io/azuredisk-csi-driver/pkg/azureutils/azure_snapshot_utils.go:112.72,113.122 1 1
sigs.k8s.io/azuredisk-csi-driver/pkg/azureutils/azure_snapshot_utils.go:113.122,115.18 2 1
sigs.k8s.io/azuredisk-csi-driver/pkg/azureutils/azure_snapshot_utils.go:115.18,117.5 1 1
sigs.k8s.io/azuredisk-csi-driver/pkg/azureutils/azure_snapshot_utils.go:118.4,119.11 2 1
sigs.k8s.io/azuredisk-csi-driver/pkg/azureutils/azure_snapshot_utils.go:123.2,124.28 2 1
sigs.k8s.io/azuredisk-csi-driver/pkg/azureutils/azure_snapshot_utils.go:124.28,126.3 1 1
sigs.k8s.io/azuredisk-csi-driver/pkg/azureutils/azure_snapshot_utils.go:128.2,133.30 2 1
sigs.k8s.io/azuredisk-csi-driver/pkg/azureutils/azure_snapshot_utils.go:136.65,138.23 2 1
sigs.k8s.io/azuredisk-csi-driver/pkg/azureutils/azure_snapshot_utils.go:138.23,140.3 1 1
sigs.k8s.io/azuredisk-csi-driver/pkg/azureutils/azure_snapshot_utils.go:141.2,141.24 1 1
sigs.k8s.io/azuredisk-csi-driver/pkg/azureutils/azure_snapshot_utils.go:144.62,148.60 1 1
sigs.k8s.io/azuredisk-csi-driver/pkg/azureutils/azure_snapshot_utils.go:148.60,150.3 1 1
sigs.k8s.io/azuredisk-csi-driver/pkg/azureutils/azure_snapshot_utils.go:151.2,151.11 1 1
sigs.k8s.io/azuredisk-csi-driver/pkg/azureutils/azure_snapshot_utils.go:154.53,155.32 1 1
sigs.k8s.io/azuredisk-csi-driver/pkg/azureutils/azure_snapshot_utils.go:156.19,157.19 1 1
sigs.k8s.io/azuredisk-csi-driver/pkg/azureutils/azure_snapshot_utils.go:158.10,159.20 1 1
sigs.k8s.io/azuredisk-csi-driver/pkg/azureutils/fake_hostutil.go:32.38,39.2 1 1
sigs.k8s.io/azuredisk-csi-driver/pkg/azureutils/fake_hostutil.go:42.64,43.50 1 1
sigs.k8s.io/azuredisk-csi-driver/pkg/azureutils/fake_hostutil.go:43.50,45.3 1 1
sigs.k8s.io/azuredisk-csi-driver/pkg/azureutils/fake_hostutil.go:47.2,48.24 2 1
sigs.k8s.io/azuredisk-csi-driver/pkg/azureutils/fake_hostutil.go:48.24,50.3 1 1
sigs.k8s.io/azuredisk-csi-driver/pkg/azureutils/fake_hostutil.go:52.2,52.19 1 1
sigs.k8s.io/azuredisk-csi-driver/pkg/azureutils/fake_hostutil.go:56.85,63.2 2 1
sigs.k8s.io/azuredisk-csi-driver/pkg/azureutils/fake_iohandler.go:35.37,37.2 1 0
sigs.k8s.io/azuredisk-csi-driver/pkg/azureutils/fake_iohandler.go:39.36,41.2 1 1
sigs.k8s.io/azuredisk-csi-driver/pkg/azureutils/fake_iohandler.go:43.42,45.2 1 1
sigs.k8s.io/azuredisk-csi-driver/pkg/azureutils/fake_iohandler.go:47.43,49.2 1 1
sigs.k8s.io/azuredisk-csi-driver/pkg/azureutils/fake_iohandler.go:50.36,52.2 1 1
sigs.k8s.io/azuredisk-csi-driver/pkg/azureutils/fake_iohandler.go:54.41,56.2 1 1
sigs.k8s.io/azuredisk-csi-driver/pkg/azureutils/fake_iohandler.go:58.44,60.2 1 0
sigs.k8s.io/azuredisk-csi-driver/pkg/azureutils/fake_iohandler.go:62.53,66.2 1 1
sigs.k8s.io/azuredisk-csi-driver/pkg/azureutils/fake_iohandler.go:68.39,70.2 1 1
sigs.k8s.io/azuredisk-csi-driver/pkg/azureutils/fake_iohandler.go:72.38,74.2 1 0
sigs.k8s.io/azuredisk-csi-driver/pkg/azureutils/fake_iohandler.go:87.35,89.2 1 1
sigs.k8s.io/azuredisk-csi-driver/pkg/azureutils/fake_iohandler.go:91.78,92.17 1 1
sigs.k8s.io/azuredisk-csi-driver/pkg/azureutils/fake_iohandler.go:93.31,109.48 6 1
sigs.k8s.io/azuredisk-csi-driver/pkg/azureutils/fake_iohandler.go:110.54,114.31 2 1
sigs.k8s.io/azuredisk-csi-driver/pkg/azureutils/fake_iohandler.go:115.55,119.31 2 1
sigs.k8s.io/azuredisk-csi-driver/pkg/azureutils/fake_iohandler.go:120.31,124.31 2 1
sigs.k8s.io/azuredisk-csi-driver/pkg/azureutils/fake_iohandler.go:127.2,127.35 1 1
sigs.k8s.io/azuredisk-csi-driver/pkg/azureutils/fake_iohandler.go:130.82,132.2 1 1
sigs.k8s.io/azuredisk-csi-driver/pkg/azureutils/fake_iohandler.go:134.66,136.2 1 1
sigs.k8s.io/azuredisk-csi-driver/pkg/azureutils/fake_iohandler.go:138.73,139.43 1 1
sigs.k8s.io/azuredisk-csi-driver/pkg/azureutils/fake_iohandler.go:139.43,141.3 1 1
sigs.k8s.io/azuredisk-csi-driver/pkg/azureutils/fake_iohandler.go:142.2,142.42 1 1
sigs.k8s.io/azuredisk-csi-driver/pkg/azureutils/fake_iohandler.go:142.42,144.3 1 1
sigs.k8s.io/azuredisk-csi-driver/pkg/azureutils/fake_iohandler.go:145.2,145.40 1 1
sigs.k8s.io/azuredisk-csi-driver/pkg/azureutils/osiohandler.go:32.33,34.2 1 1
sigs.k8s.io/azuredisk-csi-driver/pkg/azureutils/osiohandler.go:36.76,38.2 1 1
sigs.k8s.io/azuredisk-csi-driver/pkg/azureutils/osiohandler.go:40.93,42.2 1 1
sigs.k8s.io/azuredisk-csi-driver/pkg/azureutils/osiohandler.go:44.67,46.2 1 1
sigs.k8s.io/azuredisk-csi-driver/pkg/azureutils/osiohandler.go:48.71,50.2 1 1
sigs.k8s.io/azuredisk-csi-driver/pkg/util/util.go:37.25,39.2 1 0
sigs.k8s.io/azuredisk-csi-driver/pkg/util/util.go:42.23,44.2 1 0
sigs.k8s.io/azuredisk-csi-driver/pkg/util/util.go:48.48,50.2 1 1
sigs.k8s.io/azuredisk-csi-driver/pkg/util/util.go:54.46,56.2 1 1
sigs.k8s.io/azuredisk-csi-driver/pkg/util/util.go:59.46,61.2 1 1
sigs.k8s.io/azuredisk-csi-driver/pkg/util/util.go:64.44,66.2 1 1
sigs.k8s.io/azuredisk-csi-driver/pkg/util/util.go:73.74,75.45 2 1
sigs.k8s.io/azuredisk-csi-driver/pkg/util/util.go:75.45,77.3 1 1
sigs.k8s.io/azuredisk-csi-driver/pkg/util/util.go:78.2,78.18 1 1
sigs.k8s.io/azuredisk-csi-driver/pkg/util/util.go:84.85,86.16 2 1
sigs.k8s.io/azuredisk-csi-driver/pkg/util/util.go:86.16,88.3 1 1
sigs.k8s.io/azuredisk-csi-driver/pkg/util/util.go:89.2,89.25 1 1
sigs.k8s.io/azuredisk-csi-driver/pkg/util/util.go:89.25,91.3 1 1
sigs.k8s.io/azuredisk-csi-driver/pkg/util/util.go:92.2,93.24 2 1
sigs.k8s.io/azuredisk-csi-driver/pkg/util/util.go:93.24,95.19 2 1
sigs.k8s.io/azuredisk-csi-driver/pkg/util/util.go:95.19,97.4 1 1
sigs.k8s.io/azuredisk-csi-driver/pkg/util/util.go:98.3,99.16 2 1
sigs.k8s.io/azuredisk-csi-driver/pkg/util/util.go:99.16,101.4 1 1
sigs.k8s.io/azuredisk-csi-driver/pkg/util/util.go:103.3,103.42 1 1
sigs.k8s.io/azuredisk-csi-driver/pkg/util/util.go:103.42,105.4 1 1
sigs.k8s.io/azuredisk-csi-driver/pkg/util/util.go:106.3,107.17 2 1
sigs.k8s.io/azuredisk-csi-driver/pkg/util/util.go:110.2,110.15 1 1
sigs.k8s.io/azuredisk-csi-driver/pkg/util/util.go:113.37,115.16 2 1
sigs.k8s.io/azuredisk-csi-driver/pkg/util/util.go:115.16,116.23 1 1
sigs.k8s.io/azuredisk-csi-driver/pkg/util/util.go:116.23,118.4 1 1
sigs.k8s.io/azuredisk-csi-driver/pkg/util/util.go:120.2,120.12 1 1
sigs.k8s.io/azuredisk-csi-driver/pkg/util/util.go:123.38,125.16 2 1
sigs.k8s.io/azuredisk-csi-driver/pkg/util/util.go:125.16,127.3 1 1
sigs.k8s.io/azuredisk-csi-driver/pkg/util/util.go:128.2,128.34 1 1
sigs.k8s.io/azuredisk-csi-driver/pkg/util/util.go:128.34,130.3 1 0
sigs.k8s.io/azuredisk-csi-driver/pkg/util/util.go:131.2,131.12 1 1
sigs.k8s.io/azuredisk-csi-driver/pkg/util/util.go:139.36,143.2 1 1
sigs.k8s.io/azuredisk-csi-driver/pkg/util/util.go:145.57,148.28 3 1
sigs.k8s.io/azuredisk-csi-driver/pkg/util/util.go:148.28,150.3 1 1
sigs.k8s.io/azuredisk-csi-driver/pkg/util/util.go:151.2,152.13 2 1
sigs.k8s.io/azuredisk-csi-driver/pkg/util/util.go:155.49,159.2 3 1
sigs.k8s.io/azuredisk-csi-driver/pkg/util/util.go:161.67,167.37 5 1
sigs.k8s.io/azuredisk-csi-driver/pkg/util/util.go:167.37,168.24 1 1
sigs.k8s.io/azuredisk-csi-driver/pkg/util/util.go:168.24,171.4 2 1
sigs.k8s.io/azuredisk-csi-driver/pkg/util/util.go:171.9,171.31 1 1
sigs.k8s.io/azuredisk-csi-driver/pkg/util/util.go:171.31,173.4 1 0
sigs.k8s.io/azuredisk-csi-driver/pkg/util/util.go:173.9,176.4 2 1
sigs.k8s.io/azuredisk-csi-driver/pkg/util/util.go:178.2,178.20 1 1
sigs.k8s.io/azuredisk-csi-driver/pkg/util/util.go:178.20,181.3 2 1
sigs.k8s.io/azuredisk-csi-driver/pkg/util/util.go:182.2,182.15 1 1
sigs.k8s.io/azuredisk-csi-driver/test/utils/credentials/credentials.go:90.56,94.17 3 1
sigs.k8s.io/azuredisk-csi-driver/test/utils/credentials/credentials.go:94.17,96.3 1 1
sigs.k8s.io/azuredisk-csi-driver/test/utils/credentials/credentials.go:97.2,106.25 9 1
sigs.k8s.io/azuredisk-csi-driver/test/utils/credentials/credentials.go:106.25,108.3 1 0
sigs.k8s.io/azuredisk-csi-driver/test/utils/credentials/credentials.go:110.2,110.20 1 1
sigs.k8s.io/azuredisk-csi-driver/test/utils/credentials/credentials.go:110.20,112.3 1 0
sigs.k8s.io/azuredisk-csi-driver/test/utils/credentials/credentials.go:114.2,114.18 1 1
sigs.k8s.io/azuredisk-csi-driver/test/utils/credentials/credentials.go:114.18,116.3 1 0
sigs.k8s.io/azuredisk-csi-driver/test/utils/credentials/credentials.go:118.2,118.123 1 1
sigs.k8s.io/azuredisk-csi-driver/test/utils/credentials/credentials.go:118.123,120.3 1 1
sigs.k8s.io/azuredisk-csi-driver/test/utils/credentials/credentials.go:122.2,123.119 1 0
sigs.k8s.io/azuredisk-csi-driver/test/utils/credentials/credentials.go:127.40,128.86 1 1
sigs.k8s.io/azuredisk-csi-driver/test/utils/credentials/credentials.go:128.86,130.3 1 0
sigs.k8s.io/azuredisk-csi-driver/test/utils/credentials/credentials.go:132.2,132.12 1 1
sigs.k8s.io/azuredisk-csi-driver/test/utils/credentials/credentials.go:136.178,139.16 3 1
sigs.k8s.io/azuredisk-csi-driver/test/utils/credentials/credentials.go:139.16,141.3 1 0
sigs.k8s.io/azuredisk-csi-driver/test/utils/credentials/credentials.go:143.2,144.16 2 1
sigs.k8s.io/azuredisk-csi-driver/test/utils/credentials/credentials.go:144.16,146.3 1 0
sigs.k8s.io/azuredisk-csi-driver/test/utils/credentials/credentials.go:147.2,161.16 4 1
sigs.k8s.io/azuredisk-csi-driver/test/utils/credentials/credentials.go:161.16,163.3 1 0
sigs.k8s.io/azuredisk-csi-driver/test/utils/credentials/credentials.go:165.2,165.16 1 1
sigs.k8s.io/azuredisk-csi-driver/pkg/tool/gen-disk-skus-map.go:49.13,51.2 1 1
sigs.k8s.io/azuredisk-csi-driver/pkg/tool/gen-disk-skus-map.go:54.27,56.2 1 0
sigs.k8s.io/azuredisk-csi-driver/pkg/tool/gen-disk-skus-map.go:58.13,98.37 15 1
sigs.k8s.io/azuredisk-csi-driver/pkg/tool/gen-disk-skus-map.go:98.37,100.3 1 0
sigs.k8s.io/azuredisk-csi-driver/pkg/tool/gen-disk-skus-map.go:102.2,103.16 2 1
sigs.k8s.io/azuredisk-csi-driver/pkg/tool/gen-disk-skus-map.go:103.16,106.3 2 0
sigs.k8s.io/azuredisk-csi-driver/pkg/tool/gen-disk-skus-map.go:107.2,112.16 4 1
sigs.k8s.io/azuredisk-csi-driver/pkg/tool/gen-disk-skus-map.go:112.16,115.3 2 0
sigs.k8s.io/azuredisk-csi-driver/pkg/tool/gen-disk-skus-map.go:117.2,120.32 3 1
sigs.k8s.io/azuredisk-csi-driver/pkg/tool/gen-disk-skus-map.go:120.32,123.25 3 1
sigs.k8s.io/azuredisk-csi-driver/pkg/tool/gen-disk-skus-map.go:123.25,125.4 1 1
sigs.k8s.io/azuredisk-csi-driver/pkg/tool/gen-disk-skus-map.go:125.9,125.42 1 1
sigs.k8s.io/azuredisk-csi-driver/pkg/tool/gen-disk-skus-map.go:125.42,127.4 1 1
sigs.k8s.io/azuredisk-csi-driver/pkg/tool/gen-disk-skus-map.go:127.9,128.12 1 1
sigs.k8s.io/azuredisk-csi-driver/pkg/tool/gen-disk-skus-map.go:131.3,132.39 2 1
sigs.k8s.io/azuredisk-csi-driver/pkg/tool/gen-disk-skus-map.go:132.39,133.12 1 1
sigs.k8s.io/azuredisk-csi-driver/pkg/tool/gen-disk-skus-map.go:135.3,136.25 2 1
sigs.k8s.io/azuredisk-csi-driver/pkg/tool/gen-disk-skus-map.go:136.25,139.45 3 1
sigs.k8s.io/azuredisk-csi-driver/pkg/tool/gen-disk-skus-map.go:139.45,141.5 1 1
sigs.k8s.io/azuredisk-csi-driver/pkg/tool/gen-disk-skus-map.go:142.4,143.18 2 1
sigs.k8s.io/azuredisk-csi-driver/pkg/tool/gen-disk-skus-map.go:143.18,146.5 2 0
sigs.k8s.io/azuredisk-csi-driver/pkg/tool/gen-disk-skus-map.go:147.9,147.42 1 1
sigs.k8s.io/azuredisk-csi-driver/pkg/tool/gen-disk-skus-map.go:147.42,151.18 4 1
sigs.k8s.io/azuredisk-csi-driver/pkg/tool/gen-disk-skus-map.go:151.18,154.5 2 0
sigs.k8s.io/azuredisk-csi-driver/pkg/tool/gen-disk-skus-map.go:155.4,155.55 1 1
sigs.k8s.io/azuredisk-csi-driver/pkg/tool/gen-disk-skus-map.go:160.2,168.45 7 1
sigs.k8s.io/azuredisk-csi-driver/pkg/tool/gen-disk-skus-map.go:168.45,172.32 3 1
sigs.k8s.io/azuredisk-csi-driver/pkg/tool/gen-disk-skus-map.go:172.32,178.4 2 1
sigs.k8s.io/azuredisk-csi-driver/pkg/tool/gen-disk-skus-map.go:179.3,180.34 2 1
sigs.k8s.io/azuredisk-csi-driver/pkg/tool/gen-disk-skus-map.go:183.2,192.36 6 1
sigs.k8s.io/azuredisk-csi-driver/pkg/tool/gen-disk-skus-map.go:192.36,196.3 2 1
sigs.k8s.io/azuredisk-csi-driver/pkg/tool/gen-disk-skus-map.go:197.2,204.16 7 1
sigs.k8s.io/azuredisk-csi-driver/pkg/tool/gen-disk-skus-map.go:204.16,206.3 1 1
sigs.k8s.io/azuredisk-csi-driver/pkg/tool/gen-disk-skus-map.go:207.2,207.43 1 1
sigs.k8s.io/azuredisk-csi-driver/pkg/tool/gen-disk-skus-map.go:210.34,211.16 1 1
sigs.k8s.io/azuredisk-csi-driver/pkg/tool/gen-disk-skus-map.go:211.16,213.3 1 0
sigs.k8s.io/azuredisk-csi-driver/pkg/tool/gen-disk-skus-map.go:215.2,215.28 1 1
sigs.k8s.io/azuredisk-csi-driver/pkg/tool/gen-disk-skus-map.go:217.31,218.42 1 1
sigs.k8s.io/azuredisk-csi-driver/pkg/tool/gen-disk-skus-map.go:218.42,219.56 1 1
sigs.k8s.io/azuredisk-csi-driver/pkg/tool/gen-disk-skus-map.go:219.56,222.4 2 1
sigs.k8s.io/azuredisk-csi-driver/pkg/tool/gen-disk-skus-map.go:224.2,228.16 5 0
sigs.k8s.io/azuredisk-csi-driver/pkg/tool/gen-disk-skus-map.go:228.16,231.3 2 0
sigs.k8s.io/azuredisk-csi-driver/pkg/tool/gen-disk-skus-map.go:232.2,238.16 5 0
sigs.k8s.io/azuredisk-csi-driver/pkg/tool/gen-disk-skus-map.go:238.16,240.3 1 0
sigs.k8s.io/azuredisk-csi-driver/pkg/tool/gen-disk-skus-map.go:241.2,242.16 2 0
sigs.k8s.io/azuredisk-csi-driver/pkg/tool/gen-disk-skus-map.go:242.16,244.3 1 0
sigs.k8s.io/azuredisk-csi-driver/pkg/tool/gen-disk-skus-map.go:245.2,245.12 1 0
sigs.k8s.io/azuredisk-csi-driver/pkg/tool/gen-disk-skus-map.go:249.105,250.29 1 1
sigs.k8s.io/azuredisk-csi-driver/pkg/tool/gen-disk-skus-map.go:250.29,251.47 1 1
sigs.k8s.io/azuredisk-csi-driver/pkg/tool/gen-disk-skus-map.go:251.47,253.30 2 1
sigs.k8s.io/azuredisk-csi-driver/pkg/tool/gen-disk-skus-map.go:253.30,254.46 1 1
sigs.k8s.io/azuredisk-csi-driver/pkg/tool/gen-disk-skus-map.go:255.37,256.61 1 1
sigs.k8s.io/azuredisk-csi-driver/pkg/tool/gen-disk-skus-map.go:257.47,260.20 3 1
[...]
sigs.k8s.io/azuredisk-csi-driver/pkg/azuredisk/nodeserver.go:54.31,56.3 1 0
sigs.k8s.io/azuredisk-csi-driver/pkg/azuredisk/nodeserver.go:58.2,58.27 1 1
sigs.k8s.io/azuredisk-csi-driver/pkg/azuredisk/nodeserver.go:62.124,64.23 2 1
sigs.k8s.io/azuredisk-csi-driver/pkg/azuredisk/nodeserver.go:64.23,66.3 1 1
sigs.k8s.io/azuredisk-csi-driver/pkg/azuredisk/nodeserver.go:68.2,69.22 2 1
sigs.k8s.io/azuredisk-csi-driver/pkg/azuredisk/nodeserver.go:69.22,71.3 1 1
sigs.k8s.io/azuredisk-csi-driver/pkg/azuredisk/nodeserver.go:73.2,74.29 2 1
sigs.k8s.io/azuredisk-csi-driver/pkg/azuredisk/nodeserver.go:74.29,76.3 1 1
sigs.k8s.io/azuredisk-csi-driver/pkg/azuredisk/nodeserver.go:78.2,80.16 3 1
sigs.k8s.io/azuredisk-csi-driver/pkg/azuredisk/nodeserver.go:80.16,82.3 1 1
sigs.k8s.io/azuredisk-csi-driver/pkg/azuredisk/nodeserver.go:84.2,84.115 1 1
sigs.k8s.io/azuredisk-csi-driver/pkg/azuredisk/nodeserver.go:84.115,86.3 1 1
sigs.k8s.io/azuredisk-csi-driver/pkg/azuredisk/nodeserver.go:88.2,90.15 3 1
sigs.k8s.io/azuredisk-csi-driver/pkg/azuredisk/nodeserver.go:90.15,92.3 1 1
sigs.k8s.io/azuredisk-csi-driver/pkg/azuredisk/nodeserver.go:94.2,94.62 1 1
sigs.k8s.io/azuredisk-csi-driver/pkg/azuredisk/nodeserver.go:94.62,96.3 1 1
sigs.k8s.io/azuredisk-csi-driver/pkg/azuredisk/nodeserver.go:97.2,100.9 3 1
sigs.k8s.io/azuredisk-csi-driver/pkg/azuredisk/nodeserver.go:100.9,102.3 1 1
sigs.k8s.io/azuredisk-csi-driver/pkg/azuredisk/nodeserver.go:104.2,105.16 2 1
sigs.k8s.io/azuredisk-csi-driver/pkg/azuredisk/nodeserver.go:105.16,107.3 1 1
sigs.k8s.io/azuredisk-csi-driver/pkg/azuredisk/nodeserver.go:111.2,111.36 1 1
sigs.k8s.io/azuredisk-csi-driver/pkg/azuredisk/nodeserver.go:111.36,113.17 2 1
sigs.k8s.io/azuredisk-csi-driver/pkg/azuredisk/nodeserver.go:113.17,115.4 1 1
sigs.k8s.io/azuredisk-csi-driver/pkg/azuredisk/nodeserver.go:117.3,117.77 1 1
sigs.k8s.io/azuredisk-csi-driver/pkg/azuredisk/nodeserver.go:117.77,119.77 1 1
sigs.k8s.io/azuredisk-csi-driver/pkg/azuredisk/nodeserver.go:119.77,121.5 1 1
sigs.k8s.io/azuredisk-csi-driver/pkg/azuredisk/nodeserver.go:122.9,124.4 1 1
sigs.k8s.io/azuredisk-csi-driver/pkg/azuredisk/nodeserver.go:128.2,128.58 1 1
sigs.k8s.io/azuredisk-csi-driver/pkg/azuredisk/nodeserver.go:129.35,130.45 1 0
sigs.k8s.io/azuredisk-csi-driver/pkg/azuredisk/nodeserver.go:133.2,134.16 2 1
sigs.k8s.io/azuredisk-csi-driver/pkg/azuredisk/nodeserver.go:134.16,136.3 1 0
sigs.k8s.io/azuredisk-csi-driver/pkg/azuredisk/nodeserver.go:137.2,137.9 1 1
sigs.k8s.io/azuredisk-csi-driver/pkg/azuredisk/nodeserver.go:137.9,140.3 2 0
sigs.k8s.io/azuredisk-csi-driver/pkg/azuredisk/nodeserver.go:143.2,145.52 3 1
sigs.k8s.io/azuredisk-csi-driver/pkg/azuredisk/nodeserver.go:145.52,146.23 1 1
sigs.k8s.io/azuredisk-csi-driver/pkg/azuredisk/nodeserver.go:146.23,148.4 1 1
sigs.k8s.io/azuredisk-csi-driver/pkg/azuredisk/nodeserver.go:149.3,149.76 1 1
sigs.k8s.io/azuredisk-csi-driver/pkg/azuredisk/nodeserver.go:152.2,153.28 2 1
sigs.k8s.io/azuredisk-csi-driver/pkg/azuredisk/nodeserver.go:153.28,156.3 1 1
sigs.k8s.io/azuredisk-csi-driver/pkg/azuredisk/nodeserver.go:159.2,159.82 1 1
sigs.k8s.io/azuredisk-csi-driver/pkg/azuredisk/nodeserver.go:159.82,161.3 1 0
sigs.k8s.io/azuredisk-csi-driver/pkg/azuredisk/nodeserver.go:164.2,165.74 2 1
sigs.k8s.io/azuredisk-csi-driver/pkg/azuredisk/nodeserver.go:165.74,167.3 1 0
sigs.k8s.io/azuredisk-csi-driver/pkg/azuredisk/nodeserver.go:168.2,171.120 3 1
sigs.k8s.io/azuredisk-csi-driver/pkg/azuredisk/nodeserver.go:171.120,173.3 1 1
sigs.k8s.io/azuredisk-csi-driver/pkg/azuredisk/nodeserver.go:174.2,174.17 1 1
sigs.k8s.io/azuredisk-csi-driver/pkg/azuredisk/nodeserver.go:174.17,177.80 1 1
sigs.k8s.io/azuredisk-csi-driver/pkg/azuredisk/nodeserver.go:177.80,179.4 1 1
sigs.k8s.io/azuredisk-csi-driver/pkg/azuredisk/nodeserver.go:183.2,183.16 1 1
sigs.k8s.io/azuredisk-csi-driver/pkg/azuredisk/nodeserver.go:183.16,185.65 2 1
sigs.k8s.io/azuredisk-csi-driver/pkg/azuredisk/nodeserver.go:185.65,187.4 1 0
sigs.k8s.io/azuredisk-csi-driver/pkg/azuredisk/nodeserver.go:188.3,188.104 1 1
sigs.k8s.io/azuredisk-csi-driver/pkg/azuredisk/nodeserver.go:190.2,191.44 2 1
sigs.k8s.io/azuredisk-csi-driver/pkg/azuredisk/nodeserver.go:195.130,197.24 2 1
sigs.k8s.io/azuredisk-csi-driver/pkg/azuredisk/nodeserver.go:197.24,199.3 1 1
sigs.k8s.io/azuredisk-csi-driver/pkg/azuredisk/nodeserver.go:201.2,202.33 2 1
sigs.k8s.io/azuredisk-csi-driver/pkg/azuredisk/nodeserver.go:202.33,204.3 1 1
sigs.k8s.io/azuredisk-csi-driver/pkg/azuredisk/nodeserver.go:206.2,208.15 3 1
sigs.k8s.io/azuredisk-csi-driver/pkg/azuredisk/nodeserver.go:208.15,210.3 1 1
sigs.k8s.io/azuredisk-csi-driver/pkg/azuredisk/nodeserver.go:212.2,212.63 1 1
sigs.k8s.io/azuredisk-csi-driver/pkg/azuredisk/nodeserver.go:212.63,214.3 1 1
sigs.k8s.io/azuredisk-csi-driver/pkg/azuredisk/nodeserver.go:215.2,218.107 3 1
sigs.k8s.io/azuredisk-csi-driver/pkg/azuredisk/nodeserver.go:218.107,220.3 1 1
sigs.k8s.io/azuredisk-csi-driver/pkg/azuredisk/nodeserver.go:221.2,224.46 3 1
sigs.k8s.io/azuredisk-csi-driver/pkg/azuredisk/nodeserver.go:228.130,230.24 2 1
sigs.k8s.io/azuredisk-csi-driver/pkg/azuredisk/nodeserver.go:230.24,232.3 1 1
sigs.k8s.io/azuredisk-csi-driver/pkg/azuredisk/nodeserver.go:234.2,235.29 2 1
sigs.k8s.io/azuredisk-csi-driver/pkg/azuredisk/nodeserver.go:235.29,237.3 1 1
sigs.k8s.io/azuredisk-csi-driver/pkg/azuredisk/nodeserver.go:239.2,241.16 3 1
sigs.k8s.io/azuredisk-csi-driver/pkg/azuredisk/nodeserver.go:241.16,243.3 1 1
sigs.k8s.io/azuredisk-csi-driver/pkg/azuredisk/nodeserver.go:245.2,245.115 1 1
sigs.k8s.io/azuredisk-csi-driver/pkg/azuredisk/nodeserver.go:245.115,247.3 1 1
sigs.k8s.io/azuredisk-csi-driver/pkg/azuredisk/nodeserver.go:249.2,250.22 2 1
sigs.k8s.io/azuredisk-csi-driver/pkg/azuredisk/nodeserver.go:250.22,252.3 1 1
sigs.k8s.io/azuredisk-csi-driver/pkg/azuredisk/nodeserver.go:254.2,255.22 2 1
sigs.k8s.io/azuredisk-csi-driver/pkg/azuredisk/nodeserver.go:255.22,257.3 1 1
sigs.k8s.io/azuredisk-csi-driver/pkg/azuredisk/nodeserver.go:259.2,260.16 2 1
sigs.k8s.io/azuredisk-csi-driver/pkg/azuredisk/nodeserver.go:260.16,262.3 1 0
sigs.k8s.io/azuredisk-csi-driver/pkg/azuredisk/nodeserver.go:264.2,265.23 2 1
sigs.k8s.io/azuredisk-csi-driver/pkg/azuredisk/nodeserver.go:265.23,267.3 1 1
sigs.k8s.io/azuredisk-csi-driver/pkg/azuredisk/nodeserver.go:269.2,269.58 1 1
sigs.k8s.io/azuredisk-csi-driver/pkg/azuredisk/nodeserver.go:270.35,272.10 2 1
sigs.k8s.io/azuredisk-csi-driver/pkg/azuredisk/nodeserver.go:272.10,274.4 1 1
sigs.k8s.io/azuredisk-csi-driver/pkg/azuredisk/nodeserver.go:275.3,277.17 3 1
sigs.k8s.io/azuredisk-csi-driver/pkg/azuredisk/nodeserver.go:277.17,279.4 1 1
sigs.k8s.io/azuredisk-csi-driver/pkg/azuredisk/nodeserver.go:280.3,281.56 2 0
sigs.k8s.io/azuredisk-csi-driver/pkg/azuredisk/nodeserver.go:281.56,283.4 1 0
sigs.k8s.io/azuredisk-csi-driver/pkg/azuredisk/nodeserver.go:284.35,286.17 2 1
sigs.k8s.io/azuredisk-csi-driver/pkg/azuredisk/nodeserver.go:286.17,288.4 1 1
sigs.k8s.io/azuredisk-csi-driver/pkg/azuredisk/nodeserver.go:289.3,289.10 1 1
sigs.k8s.io/azuredisk-csi-driver/pkg/azuredisk/nodeserver.go:289.10,292.4 2 1
sigs.k8s.io/azuredisk-csi-driver/pkg/azuredisk/nodeserver.go:295.2,296.74 2 1
sigs.k8s.io/azuredisk-csi-driver/pkg/azuredisk/nodeserver.go:296.74,298.3 1 1
sigs.k8s.io/azuredisk-csi-driver/pkg/azuredisk/nodeserver.go:300.2,302.46 2 1
sigs.k8s.io/azuredisk-csi-driver/pkg/azuredisk/nodeserver.go:306.136,310.24 3 1
sigs.k8s.io/azuredisk-csi-driver/pkg/azuredisk/nodeserver.go:310.24,312.3 1 1
sigs.k8s.io/azuredisk-csi-driver/pkg/azuredisk/nodeserver.go:313.2,313.26 1 1
sigs.k8s.io/azuredisk-csi-driver/pkg/azuredisk/nodeserver.go:313.26,315.3 1 1
sigs.k8s.io/azuredisk-csi-driver/pkg/azuredisk/nodeserver.go:317.2,319.31 3 1
sigs.k8s.io/azuredisk-csi-driver/pkg/azuredisk/nodeserver.go:319.31,322.3 1 0
sigs.k8s.io/azuredisk-csi-driver/pkg/azuredisk/nodeserver.go:323.2,323.91 1 1
sigs.k8s.io/azuredisk-csi-driver/pkg/azuredisk/nodeserver.go:323.91,325.3 1 1
sigs.k8s.io/azuredisk-csi-driver/pkg/azuredisk/nodeserver.go:327.2,329.48 2 1
sigs.k8s.io/azuredisk-csi-driver/pkg/azuredisk/nodeserver.go:333.134,337.2 1 1
sigs.k8s.io/azuredisk-csi-driver/pkg/azuredisk/nodeserver.go:340.112,348.19 4 1
sigs.k8s.io/azuredisk-csi-driver/pkg/azuredisk/nodeserver.go:348.19,350.30 2 1
sigs.k8s.io/azuredisk-csi-driver/pkg/azuredisk/nodeserver.go:350.30,352.4 1 0
sigs.k8s.io/azuredisk-csi-driver/pkg/azuredisk/nodeserver.go:352.9,353.94 1 1
sigs.k8s.io/azuredisk-csi-driver/pkg/azuredisk/nodeserver.go:353.94,355.5 1 0
sigs.k8s.io/azuredisk-csi-driver/pkg/azuredisk/nodeserver.go:355.10,357.5 1 1
sigs.k8s.io/azuredisk-csi-driver/pkg/azuredisk/nodeserver.go:358.4,358.18 1 1
sigs.k8s.io/azuredisk-csi-driver/pkg/azuredisk/nodeserver.go:358.18,361.5 2 1
sigs.k8s.io/azuredisk-csi-driver/pkg/azuredisk/nodeserver.go:363.3,363.17 1 1
sigs.k8s.io/azuredisk-csi-driver/pkg/azuredisk/nodeserver.go:363.17,365.4 1 1
sigs.k8s.io/azuredisk-csi-driver/pkg/azuredisk/nodeserver.go:366.3,366.31 1 1
sigs.k8s.io/azuredisk-csi-driver/pkg/azuredisk/nodeserver.go:366.31,368.4 1 0
sigs.k8s.io/azuredisk-csi-driver/pkg/azuredisk/nodeserver.go:370.3,371.79 2 1
sigs.k8s.io/azuredisk-csi-driver/pkg/azuredisk/nodeserver.go:371.79,374.4 2 1
sigs.k8s.io/azuredisk-csi-driver/pkg/azuredisk/nodeserver.go:377.2,378.26 2 1
sigs.k8s.io/azuredisk-csi-driver/pkg/azuredisk/nodeserver.go:378.26,381.30 3 1
sigs.k8s.io/azuredisk-csi-driver/pkg/azuredisk/nodeserver.go:381.30,382.36 1 0
sigs.k8s.io/azuredisk-csi-driver/pkg/azuredisk/nodeserver.go:382.36,384.5 1 0
sigs.k8s.io/azuredisk-csi-driver/pkg/azuredisk/nodeserver.go:385.9,386.91 1 1
sigs.k8s.io/azuredisk-csi-driver/pkg/azuredisk/nodeserver.go:386.91,389.65 3 0
sigs.k8s.io/azuredisk-csi-driver/pkg/azuredisk/nodeserver.go:389.65,392.6 2 0
sigs.k8s.io/azuredisk-csi-driver/pkg/azuredisk/nodeserver.go:393.10,395.12 2 1
sigs.k8s.io/azuredisk-csi-driver/pkg/azuredisk/nodeserver.go:395.12,397.6 1 0
sigs.k8s.io/azuredisk-csi-driver/pkg/azuredisk/nodeserver.go:397.11,399.6 1 1
sigs.k8s.io/azuredisk-csi-driver/pkg/azuredisk/nodeserver.go:401.4,401.18 1 1
sigs.k8s.io/azuredisk-csi-driver/pkg/azuredisk/nodeserver.go:401.18,403.5 1 0
sigs.k8s.io/azuredisk-csi-driver/pkg/azuredisk/nodeserver.go:404.4,404.58 1 1
sigs.k8s.io/azuredisk-csi-driver/pkg/azuredisk/nodeserver.go:404.58,407.5 2 0
sigs.k8s.io/azuredisk-csi-driver/pkg/azuredisk/nodeserver.go:409.3,409.17 1 1
sigs.k8s.io/azuredisk-csi-driver/pkg/azuredisk/nodeserver.go:409.17,411.4 1 0
sigs.k8s.io/azuredisk-csi-driver/pkg/azuredisk/nodeserver.go:412.3,412.25 1 1
sigs.k8s.io/azuredisk-csi-driver/pkg/azuredisk/nodeserver.go:412.25,414.4 1 0
sigs.k8s.io/azuredisk-csi-driver/pkg/azuredisk/nodeserver.go:415.3,416.68 2 1
sigs.k8s.io/azuredisk-csi-driver/pkg/azuredisk/nodeserver.go:419.2,420.83 2 1
sigs.k8s.io/azuredisk-csi-driver/pkg/azuredisk/nodeserver.go:420.83,422.63 2 0
sigs.k8s.io/azuredisk-csi-driver/pkg/azuredisk/nodeserver.go:422.63,424.35 2 0
sigs.k8s.io/azuredisk-csi-driver/pkg/azuredisk/nodeserver.go:424.35,425.46 1 0
sigs.k8s.io/azuredisk-csi-driver/pkg/azuredisk/nodeserver.go:425.46,427.20 2 0
sigs.k8s.io/azuredisk-csi-driver/pkg/azuredisk/nodeserver.go:427.20,429.23 2 0
sigs.k8s.io/azuredisk-csi-driver/pkg/azuredisk/nodeserver.go:429.23,432.8 2 0
sigs.k8s.io/azuredisk-csi-driver/pkg/azuredisk/nodeserver.go:433.12,435.7 1 0
sigs.k8s.io/azuredisk-csi-driver/pkg/azuredisk/nodeserver.go:436.11,438.6 1 0
sigs.k8s.io/azuredisk-csi-driver/pkg/azuredisk/nodeserver.go:440.9,442.4 1 0
sigs.k8s.io/azuredisk-csi-driver/pkg/azuredisk/nodeserver.go:445.2,449.8 1 1
sigs.k8s.io/azuredisk-csi-driver/pkg/azuredisk/nodeserver.go:452.61,455.12 3 1
sigs.k8s.io/azuredisk-csi-driver/pkg/azuredisk/nodeserver.go:455.12,458.3 2 1
sigs.k8s.io/azuredisk-csi-driver/pkg/azuredisk/nodeserver.go:460.2,461.39 2 1
sigs.k8s.io/azuredisk-csi-driver/pkg/azuredisk/nodeserver.go:464.135,465.28 1 1
sigs.k8s.io/azuredisk-csi-driver/pkg/azuredisk/nodeserver.go:465.28,467.3 1 1
sigs.k8s.io/azuredisk-csi-driver/pkg/azuredisk/nodeserver.go:468.2,468.30 1 1
sigs.k8s.io/azuredisk-csi-driver/pkg/azuredisk/nodeserver.go:468.30,470.3 1 1
sigs.k8s.io/azuredisk-csi-driver/pkg/azuredisk/nodeserver.go:472.2,473.16 2 1
sigs.k8s.io/azuredisk-csi-driver/pkg/azuredisk/nodeserver.go:473.16,475.3 1 1
sigs.k8s.io/azuredisk-csi-driver/pkg/azuredisk/nodeserver.go:476.2,478.8 1 1
sigs.k8s.io/azuredisk-csi-driver/pkg/azuredisk/nodeserver.go:482.127,484.24 2 1
sigs.k8s.io/azuredisk-csi-driver/pkg/azuredisk/nodeserver.go:484.24,486.3 1 1
sigs.k8s.io/azuredisk-csi-driver/pkg/azuredisk/nodeserver.go:487.2,492.26 5 1
sigs.k8s.io/azuredisk-csi-driver/pkg/azuredisk/nodeserver.go:492.26,494.3 1 1
sigs.k8s.io/azuredisk-csi-driver/pkg/azuredisk/nodeserver.go:496.2,497.16 2 1
sigs.k8s.io/azuredisk-csi-driver/pkg/azuredisk/nodeserver.go:497.16,499.3 1 1
sigs.k8s.io/azuredisk-csi-driver/pkg/azuredisk/nodeserver.go:500.2,500.14 1 1
sigs.k8s.io/azuredisk-csi-driver/pkg/azuredisk/nodeserver.go:500.14,502.30 2 1
sigs.k8s.io/azuredisk-csi-driver/pkg/azuredisk/nodeserver.go:502.30,504.4 1 1
sigs.k8s.io/azuredisk-csi-driver/pkg/azuredisk/nodeserver.go:507.2,507.13 1 1
sigs.k8s.io/azuredisk-csi-driver/pkg/azuredisk/nodeserver.go:507.13,508.31 1 1
sigs.k8s.io/azuredisk-csi-driver/pkg/azuredisk/nodeserver.go:508.31,510.56 2 0
sigs.k8s.io/azuredisk-csi-driver/pkg/azuredisk/nodeserver.go:510.56,512.5 1 0
sigs.k8s.io/azuredisk-csi-driver/pkg/azuredisk/nodeserver.go:514.3,515.46 2 1
sigs.k8s.io/azuredisk-csi-driver/pkg/azuredisk/nodeserver.go:518.2,520.15 3 1
sigs.k8s.io/azuredisk-csi-driver/pkg/azuredisk/nodeserver.go:520.15,522.3 1 1
sigs.k8s.io/azuredisk-csi-driver/pkg/azuredisk/nodeserver.go:524.2,524.63 1 1
sigs.k8s.io/azuredisk-csi-driver/pkg/azuredisk/nodeserver.go:524.63,526.3 1 0
sigs.k8s.io/azuredisk-csi-driver/pkg/azuredisk/nodeserver.go:527.2,530.16 3 1
sigs.k8s.io/azuredisk-csi-driver/pkg/azuredisk/nodeserver.go:530.16,532.3 1 1
sigs.k8s.io/azuredisk-csi-driver/pkg/azuredisk/nodeserver.go:534.2,534.30 1 1
sigs.k8s.io/azuredisk-csi-driver/pkg/azuredisk/nodeserver.go:534.30,536.63 2 0
sigs.k8s.io/azuredisk-csi-driver/pkg/azuredisk/nodeserver.go:536.63,538.4 1 0
sigs.k8s.io/azuredisk-csi-driver/pkg/azuredisk/nodeserver.go:541.2,542.72 2 1
sigs.k8s.io/azuredisk-csi-driver/pkg/azuredisk/nodeserver.go:542.72,545.3 2 1
sigs.k8s.io/azuredisk-csi-driver/pkg/azuredisk/nodeserver.go:547.2,547.61 1 1
sigs.k8s.io/azuredisk-csi-driver/pkg/azuredisk/nodeserver.go:547.61,550.3 1 0
sigs.k8s.io/azuredisk-csi-driver/pkg/azuredisk/nodeserver.go:551.2,552.16 2 1
sigs.k8s.io/azuredisk-csi-driver/pkg/azuredisk/nodeserver.go:552.16,554.3 1 1
sigs.k8s.io/azuredisk-csi-driver/pkg/azuredisk/nodeserver.go:555.2,556.30 2 1
sigs.k8s.io/azuredisk-csi-driver/pkg/azuredisk/nodeserver.go:556.30,557.20 1 1
sigs.k8s.io/azuredisk-csi-driver/pkg/azuredisk/nodeserver.go:557.20,559.4 1 1
sigs.k8s.io/azuredisk-csi-driver/pkg/azuredisk/nodeserver.go:561.3,561.135 1 1
sigs.k8s.io/azuredisk-csi-driver/pkg/azuredisk/nodeserver.go:564.2,569.8 3 1
sigs.k8s.io/azuredisk-csi-driver/pkg/azuredisk/nodeserver.go:574.64,576.39 2 1
sigs.k8s.io/azuredisk-csi-driver/pkg/azuredisk/nodeserver.go:576.39,577.40 1 1
sigs.k8s.io/azuredisk-csi-driver/pkg/azuredisk/nodeserver.go:577.40,580.4 2 0
sigs.k8s.io/azuredisk-csi-driver/pkg/azuredisk/nodeserver.go:580.9,582.4 1 1
sigs.k8s.io/azuredisk-csi-driver/pkg/azuredisk/nodeserver.go:585.2,585.31 1 1
sigs.k8s.io/azuredisk-csi-driver/pkg/azuredisk/nodeserver.go:585.31,589.17 2 1
sigs.k8s.io/azuredisk-csi-driver/pkg/azuredisk/nodeserver.go:589.17,591.4 1 0
sigs.k8s.io/azuredisk-csi-driver/pkg/azuredisk/nodeserver.go:593.3,594.17 2 1
sigs.k8s.io/azuredisk-csi-driver/pkg/azuredisk/nodeserver.go:594.17,596.4 1 0
sigs.k8s.io/azuredisk-csi-driver/pkg/azuredisk/nodeserver.go:598.3,598.40 1 1
sigs.k8s.io/azuredisk-csi-driver/pkg/azuredisk/nodeserver.go:598.40,599.36 1 1
sigs.k8s.io/azuredisk-csi-driver/pkg/azuredisk/nodeserver.go:599.36,601.10 2 0
sigs.k8s.io/azuredisk-csi-driver/pkg/azuredisk/nodeserver.go:606.2,606.13 1 1
sigs.k8s.io/azuredisk-csi-driver/pkg/azuredisk/nodeserver.go:606.13,609.17 2 1
sigs.k8s.io/azuredisk-csi-driver/pkg/azuredisk/nodeserver.go:609.17,612.4 2 1
sigs.k8s.io/azuredisk-csi-driver/pkg/azuredisk/nodeserver.go:614.3,615.51 2 0
sigs.k8s.io/azuredisk-csi-driver/pkg/azuredisk/nodeserver.go:615.51,618.4 2 0
sigs.k8s.io/azuredisk-csi-driver/pkg/azuredisk/nodeserver.go:619.3,620.22 2 0
sigs.k8s.io/azuredisk-csi-driver/pkg/azuredisk/nodeserver.go:623.2,623.31 1 1
sigs.k8s.io/azuredisk-csi-driver/pkg/azuredisk/nodeserver.go:623.31,625.54 1 1
sigs.k8s.io/azuredisk-csi-driver/pkg/azuredisk/nodeserver.go:625.54,628.4 2 1
sigs.k8s.io/azuredisk-csi-driver/pkg/azuredisk/nodeserver.go:631.2,631.21 1 1
sigs.k8s.io/azuredisk-csi-driver/pkg/azuredisk/nodeserver.go:634.88,636.2 1 1
sigs.k8s.io/azuredisk-csi-driver/pkg/azuredisk/nodeserver.go:638.70,640.16 2 1
sigs.k8s.io/azuredisk-csi-driver/pkg/azuredisk/nodeserver.go:640.16,642.3 1 1
sigs.k8s.io/azuredisk-csi-driver/pkg/azuredisk/nodeserver.go:644.2,647.78 3 1
sigs.k8s.io/azuredisk-csi-driver/pkg/azuredisk/nodeserver.go:647.78,649.87 2 1
sigs.k8s.io/azuredisk-csi-driver/pkg/azuredisk/nodeserver.go:649.87,651.4 1 0
sigs.k8s.io/azuredisk-csi-driver/pkg/azuredisk/nodeserver.go:654.3,654.26 1 1
sigs.k8s.io/azuredisk-csi-driver/pkg/azuredisk/nodeserver.go:654.26,656.4 1 1
sigs.k8s.io/azuredisk-csi-driver/pkg/azuredisk/nodeserver.go:658.3,658.20 1 0
sigs.k8s.io/azuredisk-csi-driver/pkg/azuredisk/nodeserver.go:660.2,660.39 1 1
sigs.k8s.io/azuredisk-csi-driver/pkg/azuredisk/nodeserver.go:660.39,662.3 1 0
sigs.k8s.io/azuredisk-csi-driver/pkg/azuredisk/nodeserver.go:663.2,663.27 1 1
sigs.k8s.io/azuredisk-csi-driver/pkg/azuredisk/nodeserver.go:666.61,669.57 2 1
sigs.k8s.io/azuredisk-csi-driver/pkg/azuredisk/nodeserver.go:669.57,671.3 1 1
sigs.k8s.io/azuredisk-csi-driver/pkg/azuredisk/nodeserver.go:673.2,675.16 3 1
sigs.k8s.io/azuredisk-csi-driver/pkg/azuredisk/nodeserver.go:675.16,676.55 1 0
sigs.k8s.io/azuredisk-csi-driver/pkg/azuredisk/nodeserver.go:676.55,678.4 1 0
sigs.k8s.io/azuredisk-csi-driver/pkg/azuredisk/nodeserver.go:679.3,679.84 1 0
sigs.k8s.io/azuredisk-csi-driver/pkg/azuredisk/nodeserver.go:682.2,682.12 1 1
sigs.k8s.io/azuredisk-csi-driver/pkg/azuredisk/nodeserver.go:685.69,691.21 3 1
sigs.k8s.io/azuredisk-csi-driver/pkg/azuredisk/nodeserver.go:691.21,693.3 1 0
sigs.k8s.io/azuredisk-csi-driver/pkg/azuredisk/nodeserver.go:694.2,694.16 1 1
sigs.k8s.io/azuredisk-csi-driver/pkg/azuredisk/trace.go:31.53,35.16 3 0
sigs.k8s.io/azuredisk-csi-driver/pkg/azuredisk/trace.go:35.16,37.3 1 0
sigs.k8s.io/azuredisk-csi-driver/pkg/azuredisk/trace.go:40.2,47.16 2 0
sigs.k8s.io/azuredisk-csi-driver/pkg/azuredisk/trace.go:47.16,49.3 1 0
sigs.k8s.io/azuredisk-csi-driver/pkg/azuredisk/trace.go:53.2,58.22 3 0
sigs.k8s.io/azuredisk-csi-driver/pkg/azuredisk/util.go:28.28,32.2 1 1
sigs.k8s.io/azuredisk-csi-driver/pkg/azuredisk/util.go:35.44,39.13 3 1
sigs.k8s.io/azuredisk-csi-driver/pkg/azuredisk/util.go:39.13,42.3 2 1
sigs.k8s.io/azuredisk-csi-driver/pkg/azuredisk/util.go:43.2,44.14 2 1
sigs.k8s.io/azuredisk-csi-driver/pkg/azuredisk/util.go:48.46,53.13 4 1
sigs.k8s.io/azuredisk-csi-driver/pkg/azuredisk/util.go:53.13,55.3 1 0
sigs.k8s.io/azuredisk-csi-driver/pkg/azuredisk/util.go:56.2,56.16 1 1
sigs.k8s.io/azuredisk-csi-driver/pkg/azuredisk/version.go:48.48,59.2 1 1
sigs.k8s.io/azuredisk-csi-driver/pkg/azuredisk/version.go:63.56,66.16 3 1
sigs.k8s.io/azuredisk-csi-driver/pkg/azuredisk/version.go:66.16,68.3 1 0
sigs.k8s.io/azuredisk-csi-driver/pkg/azuredisk/version.go:69.2,69.51 1 1
sigs.k8s.io/azuredisk-csi-driver/pkg/azuredisk/version.go:73.79,76.27 3 1
sigs.k8s.io/azuredisk-csi-driver/pkg/azuredisk/version.go:76.27,78.3 1 1
sigs.k8s.io/azuredisk-csi-driver/pkg/azuredisk/version.go:80.2,81.27 2 1
sigs.k8s.io/azuredisk-csi-driver/pkg/azuredisk/version.go:81.27,83.3 1 1
sigs.k8s.io/azuredisk-csi-driver/pkg/azuredisk/version.go:84.2,84.18 1 1
