mode: set
sigs.k8s.io/azuredisk-csi-driver/test/utils/credentials/credentials.go:90.56,94.17 3 1
sigs.k8s.io/azuredisk-csi-driver/test/utils/credentials/credentials.go:94.17,96.3 1 1
sigs.k8s.io/azuredisk-csi-driver/test/utils/credentials/credentials.go:97.2,106.25 9 1
sigs.k8s.io/azuredisk-csi-driver/test/utils/credentials/credentials.go:106.25,108.3 1 0
sigs.k8s.io/azuredisk-csi-driver/test/utils/credentials/credentials.go:110.2,110.20 1 1
sigs.k8s.io/azuredisk-csi-driver/test/utils/credentials/credentials.go:110.20,112.3 1 0
sigs.k8s.io/azuredisk-csi-driver/test/utils/credentials/credentials.go:114.2,114.18 1 1
sigs.k8s.io/azuredisk-csi-driver/test/utils/credentials/credentials.go:114.18,116.3 1 0
sigs.k8s.io/azuredisk-csi-driver/test/utils/credentials/credentials.go:118.2,118.123 1 1
sigs.k8s.io/azuredisk-csi-driver/test/utils/credentials/credentials.go:118.123,120.3 1 1
sigs.k8s.io/azuredisk-csi-driver/test/utils/credentials/credentials.go:122.2,123.119 1 0
sigs.k8s.io/azuredisk-csi-driver/test/utils/credentials/credentials.go:127.40,128.86 1 1
sigs.k8s.io/azuredisk-csi-driver/test/utils/credentials/credentials.go:128.86,130.3 1 0
sigs.k8s.io/azuredisk-csi-driver/test/utils/credentials/credentials.go:132.2,132.12 1 1
sigs.k8s.io/azuredisk-csi-driver/test/utils/credentials/credentials.go:136.178,139.16 3 1
sigs.k8s.io/azuredisk-csi-driver/test/utils/credentials/credentials.go:139.16,141.3 1 0
sigs.k8s.io/azuredisk-csi-driver/test/utils/credentials/credentials.go:143.2,144.16 2 1
sigs.k8s.io/azuredisk-csi-driver/test/utils/credentials/credentials.go:144.16,146.3 1 0
sigs.k8s.io/azuredisk-csi-driver/test/utils/credentials/credentials.go:147.2,161.16 4 1
sigs.k8s.io/azuredisk-csi-driver/test/utils/credentials/credentials.go:161.16,163.3 1 0
sigs.k8s.io/azuredisk-csi-driver/test/utils/credentials/credentials.go:165.2,165.16 1 1
