mode: set
sigs.k8s.io/azuredisk-csi-driver/pkg/tool/gen-disk-skus-map.go:49.13,51.2 1 1
sigs.k8s.io/azuredisk-csi-driver/pkg/tool/gen-disk-skus-map.go:54.27,56.2 1 0
sigs.k8s.io/azuredisk-csi-driver/pkg/tool/gen-disk-skus-map.go:58.13,98.37 15 1
sigs.k8s.io/azuredisk-csi-driver/pkg/tool/gen-disk-skus-map.go:98.37,100.3 1 0
sigs.k8s.io/azuredisk-csi-driver/pkg/tool/gen-disk-skus-map.go:102.2,103.16 2 1
sigs.k8s.io/azuredisk-csi-driver/pkg/tool/gen-disk-skus-map.go:103.16,106.3 2 0
sigs.k8s.io/azuredisk-csi-driver/pkg/tool/gen-disk-skus-map.go:107.2,112.16 4 1
sigs.k8s.io/azuredisk-csi-driver/pkg/tool/gen-disk-skus-map.go:112.16,115.3 2 0
sigs.k8s.io/azuredisk-csi-driver/pkg/tool/gen-disk-skus-map.go:117.2,120.32 3 1
sigs.k8s.io/azuredisk-csi-driver/pkg/tool/gen-disk-skus-map.go:120.32,123.25 3 1
sigs.k8s.io/azuredisk-csi-driver/pkg/tool/gen-disk-skus-map.go:123.25,125.4 1 1
sigs.k8s.io/azuredisk-csi-driver/pkg/tool/gen-disk-skus-map.go:125.9,125.42 1 1
sigs.k8s.io/azuredisk-csi-driver/pkg/tool/gen-disk-skus-map.go:125.42,127.4 1 1
sigs.k8s.io/azuredisk-csi-driver/pkg/tool/gen-disk-skus-map.go:127.9,128.12 1 1
sigs.k8s.io/azuredisk-csi-driver/pkg/tool/gen-disk-skus-map.go:131.3,132.39 2 1
sigs.k8s.io/azuredisk-csi-driver/pkg/tool/gen-disk-skus-map.go:132.39,133.12 1 1
sigs.k8s.io/azuredisk-csi-driver/pkg/tool/gen-disk-skus-map.go:135.3,136.25 2 1
sigs.k8s.io/azuredisk-csi-driver/pkg/tool/gen-disk-skus-map.go:136.25,139.45 3 1
sigs.k8s.io/azuredisk-csi-driver/pkg/tool/gen-disk-skus-map.go:139.45,141.5 1 1
sigs.k8s.io/azuredisk-csi-driver/pkg/tool/gen-disk-skus-map.go:142.4,143.18 2 1
sigs.k8s.io/azuredisk-csi-driver/pkg/tool/gen-disk-skus-map.go:143.18,146.5 2 0
sigs.k8s.io/azuredisk-csi-driver/pkg/tool/gen-disk-skus-map.go:147.9,147.42 1 1
sigs.k8s.io/azuredisk-csi-driver/pkg/tool/gen-disk-skus-map.go:147.42,151.18 4 1
sigs.k8s.io/azuredisk-csi-driver/pkg/tool/gen-disk-skus-map.go:151.18,154.5 2 0
sigs.k8s.io/azuredisk-csi-driver/pkg/tool/gen-disk-skus-map.go:155.4,155.55 1 1
sigs.k8s.io/azuredisk-csi-driver/pkg/tool/gen-disk-skus-map.go:160.2,168.45 7 1
sigs.k8s.io/azuredisk-csi-driver/pkg/tool/gen-disk-skus-map.go:168.45,172.32 3 1
sigs.k8s.io/azuredisk-csi-driver/pkg/tool/gen-disk-skus-map.go:172.32,178.4 2 1
sigs.k8s.io/azuredisk-csi-driver/pkg/tool/gen-disk-skus-map.go:179.3,180.34 2 1
sigs.k8s.io/azuredisk-csi-driver/pkg/tool/gen-disk-skus-map.go:183.2,192.36 6 1
sigs.k8s.io/azuredisk-csi-driver/pkg/tool/gen-disk-skus-map.go:192.36,196.3 2 1
sigs.k8s.io/azuredisk-csi-driver/pkg/tool/gen-disk-skus-map.go:197.2,204.16 7 1
sigs.k8s.io/azuredisk-csi-driver/pkg/tool/gen-disk-skus-map.go:204.16,206.3 1 1
sigs.k8s.io/azuredisk-csi-driver/pkg/tool/gen-disk-skus-map.go:207.2,207.43 1 1
sigs.k8s.io/azuredisk-csi-driver/pkg/tool/gen-disk-skus-map.go:210.34,211.16 1 1
sigs.k8s.io/azuredisk-csi-driver/pkg/tool/gen-disk-skus-map.go:211.16,213.3 1 0
sigs.k8s.io/azuredisk-csi-driver/pkg/tool/gen-disk-skus-map.go:215.2,215.28 1 1
sigs.k8s.io/azuredisk-csi-driver/pkg/tool/gen-disk-skus-map.go:217.31,218.42 1 1
sigs.k8s.io/azuredisk-csi-driver/pkg/tool/gen-disk-skus-map.go:218.42,219.56 1 1
sigs.k8s.io/azuredisk-csi-driver/pkg/tool/gen-disk-skus-map.go:219.56,222.4 2 1
sigs.k8s.io/azuredisk-csi-driver/pkg/tool/gen-disk-skus-map.go:224.2,228.16 5 0
sigs.k8s.io/azuredisk-csi-driver/pkg/tool/gen-disk-skus-map.go:228.16,231.3 2 0
sigs.k8s.io/azuredisk-csi-driver/pkg/tool/gen-disk-skus-map.go:232.2,238.16 5 0
sigs.k8s.io/azuredisk-csi-driver/pkg/tool/gen-disk-skus-map.go:238.16,240.3 1 0
sigs.k8s.io/azuredisk-csi-driver/pkg/tool/gen-disk-skus-map.go:241.2,242.16 2 0
sigs.k8s.io/azuredisk-csi-driver/pkg/tool/gen-disk-skus-map.go:242.16,244.3 1 0
sigs.k8s.io/azuredisk-csi-driver/pkg/tool/gen-disk-skus-map.go:245.2,245.12 1 0
sigs.k8s.io/azuredisk-csi-driver/pkg/tool/gen-disk-skus-map.go:249.105,250.29 1 1
sigs.k8s.io/azuredisk-csi-driver/pkg/tool/gen-disk-skus-map.go:250.29,251.47 1 1
sigs.k8s.io/azuredisk-csi-driver/pkg/tool/gen-disk-skus-map.go:251.47,253.30 2 1
sigs.k8s.io/azuredisk-csi-driver/pkg/tool/gen-disk-skus-map.go:253.30,254.46 1 1
sigs.k8s.io/azuredisk-csi-driver/pkg/tool/gen-disk-skus-map.go:255.37,256.61 1 1
sigs.k8s.io/azuredisk-csi-driver/pkg/tool/gen-disk-skus-map.go:257.47,260.20 3 1
sigs.k8s.io/azuredisk-csi-driver/pkg/tool/gen-disk-skus-map.go:260.20,262.7 1 0
sigs.k8s.io/azuredisk-csi-driver/pkg/tool/gen-disk-skus-map.go:263.37,264.70 1 1
sigs.k8s.io/azuredisk-csi-driver/pkg/tool/gen-disk-skus-map.go:265.26,266.59 1 1
sigs.k8s.io/azuredisk-csi-driver/pkg/tool/gen-disk-skus-map.go:267.13,268.14 1 1
sigs.k8s.io/azuredisk-csi-driver/pkg/tool/gen-disk-skus-map.go:272.4,272.18 1 1
sigs.k8s.io/azuredisk-csi-driver/pkg/tool/gen-disk-skus-map.go:272.18,274.5 1 0
sigs.k8s.io/azuredisk-csi-driver/pkg/tool/gen-disk-skus-map.go:280.2,280.46 1 1
sigs.k8s.io/azuredisk-csi-driver/pkg/tool/gen-disk-skus-map.go:280.46,282.3 1 1
sigs.k8s.io/azuredisk-csi-driver/pkg/tool/gen-disk-skus-map.go:284.2,284.50 1 1
sigs.k8s.io/azuredisk-csi-driver/pkg/tool/gen-disk-skus-map.go:284.50,286.3 1 1
sigs.k8s.io/azuredisk-csi-driver/pkg/tool/gen-disk-skus-map.go:288.2,288.12 1 1
sigs.k8s.io/azuredisk-csi-driver/pkg/tool/gen-disk-skus-map.go:292.101,298.29 5 1
sigs.k8s.io/azuredisk-csi-driver/pkg/tool/gen-disk-skus-map.go:298.29,299.47 1 1
sigs.k8s.io/azuredisk-csi-driver/pkg/tool/gen-disk-skus-map.go:299.47,301.30 2 1
sigs.k8s.io/azuredisk-csi-driver/pkg/tool/gen-disk-skus-map.go:301.30,302.46 1 1
sigs.k8s.io/azuredisk-csi-driver/pkg/tool/gen-disk-skus-map.go:303.40,304.69 1 1
sigs.k8s.io/azuredisk-csi-driver/pkg/tool/gen-disk-skus-map.go:305.33,306.65 1 0
sigs.k8s.io/azuredisk-csi-driver/pkg/tool/gen-disk-skus-map.go:307.28,308.60 1 0
sigs.k8s.io/azuredisk-csi-driver/pkg/tool/gen-disk-skus-map.go:309.37,310.62 1 0
sigs.k8s.io/azuredisk-csi-driver/pkg/tool/gen-disk-skus-map.go:311.42,312.67 1 0
sigs.k8s.io/azuredisk-csi-driver/pkg/tool/gen-disk-skus-map.go:313.31,314.63 1 1
sigs.k8s.io/azuredisk-csi-driver/pkg/tool/gen-disk-skus-map.go:315.13,316.14 1 1
sigs.k8s.io/azuredisk-csi-driver/pkg/tool/gen-disk-skus-map.go:320.4,320.18 1 1
sigs.k8s.io/azuredisk-csi-driver/pkg/tool/gen-disk-skus-map.go:320.18,322.5 1 0
sigs.k8s.io/azuredisk-csi-driver/pkg/tool/gen-disk-skus-map.go:328.2,328.44 1 1
sigs.k8s.io/azuredisk-csi-driver/pkg/tool/gen-disk-skus-map.go:328.44,330.3 1 0
sigs.k8s.io/azuredisk-csi-driver/pkg/tool/gen-disk-skus-map.go:332.2,332.48 1 1
sigs.k8s.io/azuredisk-csi-driver/pkg/tool/gen-disk-skus-map.go:332.48,334.3 1 0
sigs.k8s.io/azuredisk-csi-driver/pkg/tool/gen-disk-skus-map.go:336.2,336.21 1 1
sigs.k8s.io/azuredisk-csi-driver/pkg/tool/gen-disk-skus-map.go:339.66,340.55 1 1
sigs.k8s.io/azuredisk-csi-driver/pkg/tool/gen-disk-skus-map.go:340.55,341.13 1 0
